#-----------------------------------------------------------
# Vivado v2018.2 (64-bit)
# SW Build 2258646 on Thu Jun 14 20:03:12 MDT 2018
# IP Build 2256618 on Thu Jun 14 22:10:49 MDT 2018
# Start of session at: Sat Mar 25 19:46:05 2023
# Process ID: 16380
# Current directory: D:/DaiHoc/HK222/KTMT/BTL/SYSTEM/SYSTEM
# Command line: vivado.exe -gui_launcher_event rodinguilauncherevent8940 D:\DaiHoc\HK222\KTMT\BTL\SYSTEM\SYSTEM\SYSTEM.xpr
# Log file: D:/DaiHoc/HK222/KTMT/BTL/SYSTEM/SYSTEM/vivado.log
# Journal file: D:/DaiHoc/HK222/KTMT/BTL/SYSTEM/SYSTEM\vivado.jou
#-----------------------------------------------------------
start_gui
open_project D:/DaiHoc/HK222/KTMT/BTL/SYSTEM/SYSTEM/SYSTEM.xpr
Scanning sources...
Finished scanning sources
INFO: [IP_Flow 19-234] Refreshing IP repositories
INFO: [IP_Flow 19-1704] No user IP repositories specified
INFO: [IP_Flow 19-2313] Loaded Vivado IP repository 'D:/DaiHoc/HK222/KTMT/Vivado/2018.2/data/ip'.
update_compile_order -fileset sources_1
synth_design -rtl -name rtl_1
Command: synth_design -rtl -name rtl_1
Starting synth_design
Using part: xc7z020clg484-1
Top: system
---------------------------------------------------------------------------------
Starting RTL Elaboration : Time (s): cpu = 00:00:03 ; elapsed = 00:00:02 . Memory (MB): peak = 895.199 ; gain = 83.039
---------------------------------------------------------------------------------
INFO: [Synth 8-6157] synthesizing module 'system' [D:/DaiHoc/HK222/KTMT/BTL/SYSTEM/CA_Assignment/sources_1/new/system.v:23]
INFO: [Synth 8-6157] synthesizing module 'PC' [D:/DaiHoc/HK222/KTMT/BTL/SYSTEM/CA_Assignment/sources_1/new/PC.v:23]
INFO: [Synth 8-6155] done synthesizing module 'PC' (1#1) [D:/DaiHoc/HK222/KTMT/BTL/SYSTEM/CA_Assignment/sources_1/new/PC.v:23]
INFO: [Synth 8-6157] synthesizing module 'IMEM' [D:/DaiHoc/HK222/KTMT/BTL/SYSTEM/CA_Assignment/sources_1/new/IMEM.v:23]
CRITICAL WARNING: [Synth 8-4445] could not open $readmem data file 'a.txt'; please make sure the file is added to project and has read permission, ignoring [D:/DaiHoc/HK222/KTMT/BTL/SYSTEM/CA_Assignment/sources_1/new/IMEM.v:31]

Warning: Trying to implement RAM in registers. Block RAM or DRAM implementation is not possible for one or more of the following reasons :
	1: Unable to determine number of words or word size in RAM. 
	2: No valid read/write found for RAM. 
RAM dissolved into registers
WARNING: [Synth 8-3848] Net ins in module/entity IMEM does not have driver. [D:/DaiHoc/HK222/KTMT/BTL/SYSTEM/CA_Assignment/sources_1/new/IMEM.v:28]
WARNING: [Synth 8-3848] Net ins in module/entity IMEM does not have driver. [D:/DaiHoc/HK222/KTMT/BTL/SYSTEM/CA_Assignment/sources_1/new/IMEM.v:28]
WARNING: [Synth 8-3848] Net ins in module/entity IMEM does not have driver. [D:/DaiHoc/HK222/KTMT/BTL/SYSTEM/CA_Assignment/sources_1/new/IMEM.v:28]
WARNING: [Synth 8-3848] Net ins in module/entity IMEM does not have driver. [D:/DaiHoc/HK222/KTMT/BTL/SYSTEM/CA_Assignment/sources_1/new/IMEM.v:28]
WARNING: [Synth 8-3848] Net ins in module/entity IMEM does not have driver. [D:/DaiHoc/HK222/KTMT/BTL/SYSTEM/CA_Assignment/sources_1/new/IMEM.v:28]
WARNING: [Synth 8-3848] Net ins in module/entity IMEM does not have driver. [D:/DaiHoc/HK222/KTMT/BTL/SYSTEM/CA_Assignment/sources_1/new/IMEM.v:28]
WARNING: [Synth 8-3848] Net ins in module/entity IMEM does not have driver. [D:/DaiHoc/HK222/KTMT/BTL/SYSTEM/CA_Assignment/sources_1/new/IMEM.v:28]
WARNING: [Synth 8-3848] Net ins in module/entity IMEM does not have driver. [D:/DaiHoc/HK222/KTMT/BTL/SYSTEM/CA_Assignment/sources_1/new/IMEM.v:28]
WARNING: [Synth 8-3848] Net ins in module/entity IMEM does not have driver. [D:/DaiHoc/HK222/KTMT/BTL/SYSTEM/CA_Assignment/sources_1/new/IMEM.v:28]
WARNING: [Synth 8-3848] Net ins in module/entity IMEM does not have driver. [D:/DaiHoc/HK222/KTMT/BTL/SYSTEM/CA_Assignment/sources_1/new/IMEM.v:28]
WARNING: [Synth 8-3848] Net ins in module/entity IMEM does not have driver. [D:/DaiHoc/HK222/KTMT/BTL/SYSTEM/CA_Assignment/sources_1/new/IMEM.v:28]
WARNING: [Synth 8-3848] Net ins in module/entity IMEM does not have driver. [D:/DaiHoc/HK222/KTMT/BTL/SYSTEM/CA_Assignment/sources_1/new/IMEM.v:28]
WARNING: [Synth 8-3848] Net ins in module/entity IMEM does not have driver. [D:/DaiHoc/HK222/KTMT/BTL/SYSTEM/CA_Assignment/sources_1/new/IMEM.v:28]
WARNING: [Synth 8-3848] Net ins in module/entity IMEM does not have driver. [D:/DaiHoc/HK222/KTMT/BTL/SYSTEM/CA_Assignment/sources_1/new/IMEM.v:28]
WARNING: [Synth 8-3848] Net ins in module/entity IMEM does not have driver. [D:/DaiHoc/HK222/KTMT/BTL/SYSTEM/CA_Assignment/sources_1/new/IMEM.v:28]
WARNING: [Synth 8-3848] Net ins in module/entity IMEM does not have driver. [D:/DaiHoc/HK222/KTMT/BTL/SYSTEM/CA_Assignment/sources_1/new/IMEM.v:28]
WARNING: [Synth 8-3848] Net ins in module/entity IMEM does not have driver. [D:/DaiHoc/HK222/KTMT/BTL/SYSTEM/CA_Assignment/sources_1/new/IMEM.v:28]
WARNING: [Synth 8-3848] Net ins in module/entity IMEM does not have driver. [D:/DaiHoc/HK222/KTMT/BTL/SYSTEM/CA_Assignment/sources_1/new/IMEM.v:28]
WARNING: [Synth 8-3848] Net ins in module/entity IMEM does not have driver. [D:/DaiHoc/HK222/KTMT/BTL/SYSTEM/CA_Assignment/sources_1/new/IMEM.v:28]
WARNING: [Synth 8-3848] Net ins in module/entity IMEM does not have driver. [D:/DaiHoc/HK222/KTMT/BTL/SYSTEM/CA_Assignment/sources_1/new/IMEM.v:28]
WARNING: [Synth 8-3848] Net ins in module/entity IMEM does not have driver. [D:/DaiHoc/HK222/KTMT/BTL/SYSTEM/CA_Assignment/sources_1/new/IMEM.v:28]
WARNING: [Synth 8-3848] Net ins in module/entity IMEM does not have driver. [D:/DaiHoc/HK222/KTMT/BTL/SYSTEM/CA_Assignment/sources_1/new/IMEM.v:28]
WARNING: [Synth 8-3848] Net ins in module/entity IMEM does not have driver. [D:/DaiHoc/HK222/KTMT/BTL/SYSTEM/CA_Assignment/sources_1/new/IMEM.v:28]
WARNING: [Synth 8-3848] Net ins in module/entity IMEM does not have driver. [D:/DaiHoc/HK222/KTMT/BTL/SYSTEM/CA_Assignment/sources_1/new/IMEM.v:28]
WARNING: [Synth 8-3848] Net ins in module/entity IMEM does not have driver. [D:/DaiHoc/HK222/KTMT/BTL/SYSTEM/CA_Assignment/sources_1/new/IMEM.v:28]
WARNING: [Synth 8-3848] Net ins in module/entity IMEM does not have driver. [D:/DaiHoc/HK222/KTMT/BTL/SYSTEM/CA_Assignment/sources_1/new/IMEM.v:28]
WARNING: [Synth 8-3848] Net ins in module/entity IMEM does not have driver. [D:/DaiHoc/HK222/KTMT/BTL/SYSTEM/CA_Assignment/sources_1/new/IMEM.v:28]
WARNING: [Synth 8-3848] Net ins in module/entity IMEM does not have driver. [D:/DaiHoc/HK222/KTMT/BTL/SYSTEM/CA_Assignment/sources_1/new/IMEM.v:28]
WARNING: [Synth 8-3848] Net ins in module/entity IMEM does not have driver. [D:/DaiHoc/HK222/KTMT/BTL/SYSTEM/CA_Assignment/sources_1/new/IMEM.v:28]
WARNING: [Synth 8-3848] Net ins in module/entity IMEM does not have driver. [D:/DaiHoc/HK222/KTMT/BTL/SYSTEM/CA_Assignment/sources_1/new/IMEM.v:28]
WARNING: [Synth 8-3848] Net ins in module/entity IMEM does not have driver. [D:/DaiHoc/HK222/KTMT/BTL/SYSTEM/CA_Assignment/sources_1/new/IMEM.v:28]
WARNING: [Synth 8-3848] Net ins in module/entity IMEM does not have driver. [D:/DaiHoc/HK222/KTMT/BTL/SYSTEM/CA_Assignment/sources_1/new/IMEM.v:28]
WARNING: [Synth 8-3848] Net ins in module/entity IMEM does not have driver. [D:/DaiHoc/HK222/KTMT/BTL/SYSTEM/CA_Assignment/sources_1/new/IMEM.v:28]
WARNING: [Synth 8-3848] Net ins in module/entity IMEM does not have driver. [D:/DaiHoc/HK222/KTMT/BTL/SYSTEM/CA_Assignment/sources_1/new/IMEM.v:28]
WARNING: [Synth 8-3848] Net ins in module/entity IMEM does not have driver. [D:/DaiHoc/HK222/KTMT/BTL/SYSTEM/CA_Assignment/sources_1/new/IMEM.v:28]
WARNING: [Synth 8-3848] Net ins in module/entity IMEM does not have driver. [D:/DaiHoc/HK222/KTMT/BTL/SYSTEM/CA_Assignment/sources_1/new/IMEM.v:28]
WARNING: [Synth 8-3848] Net ins in module/entity IMEM does not have driver. [D:/DaiHoc/HK222/KTMT/BTL/SYSTEM/CA_Assignment/sources_1/new/IMEM.v:28]
WARNING: [Synth 8-3848] Net ins in module/entity IMEM does not have driver. [D:/DaiHoc/HK222/KTMT/BTL/SYSTEM/CA_Assignment/sources_1/new/IMEM.v:28]
WARNING: [Synth 8-3848] Net ins in module/entity IMEM does not have driver. [D:/DaiHoc/HK222/KTMT/BTL/SYSTEM/CA_Assignment/sources_1/new/IMEM.v:28]
WARNING: [Synth 8-3848] Net ins in module/entity IMEM does not have driver. [D:/DaiHoc/HK222/KTMT/BTL/SYSTEM/CA_Assignment/sources_1/new/IMEM.v:28]
WARNING: [Synth 8-3848] Net ins in module/entity IMEM does not have driver. [D:/DaiHoc/HK222/KTMT/BTL/SYSTEM/CA_Assignment/sources_1/new/IMEM.v:28]
WARNING: [Synth 8-3848] Net ins in module/entity IMEM does not have driver. [D:/DaiHoc/HK222/KTMT/BTL/SYSTEM/CA_Assignment/sources_1/new/IMEM.v:28]
WARNING: [Synth 8-3848] Net ins in module/entity IMEM does not have driver. [D:/DaiHoc/HK222/KTMT/BTL/SYSTEM/CA_Assignment/sources_1/new/IMEM.v:28]
WARNING: [Synth 8-3848] Net ins in module/entity IMEM does not have driver. [D:/DaiHoc/HK222/KTMT/BTL/SYSTEM/CA_Assignment/sources_1/new/IMEM.v:28]
WARNING: [Synth 8-3848] Net ins in module/entity IMEM does not have driver. [D:/DaiHoc/HK222/KTMT/BTL/SYSTEM/CA_Assignment/sources_1/new/IMEM.v:28]
WARNING: [Synth 8-3848] Net ins in module/entity IMEM does not have driver. [D:/DaiHoc/HK222/KTMT/BTL/SYSTEM/CA_Assignment/sources_1/new/IMEM.v:28]
WARNING: [Synth 8-3848] Net ins in module/entity IMEM does not have driver. [D:/DaiHoc/HK222/KTMT/BTL/SYSTEM/CA_Assignment/sources_1/new/IMEM.v:28]
WARNING: [Synth 8-3848] Net ins in module/entity IMEM does not have driver. [D:/DaiHoc/HK222/KTMT/BTL/SYSTEM/CA_Assignment/sources_1/new/IMEM.v:28]
WARNING: [Synth 8-3848] Net ins in module/entity IMEM does not have driver. [D:/DaiHoc/HK222/KTMT/BTL/SYSTEM/CA_Assignment/sources_1/new/IMEM.v:28]
WARNING: [Synth 8-3848] Net ins in module/entity IMEM does not have driver. [D:/DaiHoc/HK222/KTMT/BTL/SYSTEM/CA_Assignment/sources_1/new/IMEM.v:28]
WARNING: [Synth 8-3848] Net ins in module/entity IMEM does not have driver. [D:/DaiHoc/HK222/KTMT/BTL/SYSTEM/CA_Assignment/sources_1/new/IMEM.v:28]
WARNING: [Synth 8-3848] Net ins in module/entity IMEM does not have driver. [D:/DaiHoc/HK222/KTMT/BTL/SYSTEM/CA_Assignment/sources_1/new/IMEM.v:28]
WARNING: [Synth 8-3848] Net ins in module/entity IMEM does not have driver. [D:/DaiHoc/HK222/KTMT/BTL/SYSTEM/CA_Assignment/sources_1/new/IMEM.v:28]
WARNING: [Synth 8-3848] Net ins in module/entity IMEM does not have driver. [D:/DaiHoc/HK222/KTMT/BTL/SYSTEM/CA_Assignment/sources_1/new/IMEM.v:28]
WARNING: [Synth 8-3848] Net ins in module/entity IMEM does not have driver. [D:/DaiHoc/HK222/KTMT/BTL/SYSTEM/CA_Assignment/sources_1/new/IMEM.v:28]
WARNING: [Synth 8-3848] Net ins in module/entity IMEM does not have driver. [D:/DaiHoc/HK222/KTMT/BTL/SYSTEM/CA_Assignment/sources_1/new/IMEM.v:28]
WARNING: [Synth 8-3848] Net ins in module/entity IMEM does not have driver. [D:/DaiHoc/HK222/KTMT/BTL/SYSTEM/CA_Assignment/sources_1/new/IMEM.v:28]
WARNING: [Synth 8-3848] Net ins in module/entity IMEM does not have driver. [D:/DaiHoc/HK222/KTMT/BTL/SYSTEM/CA_Assignment/sources_1/new/IMEM.v:28]
WARNING: [Synth 8-3848] Net ins in module/entity IMEM does not have driver. [D:/DaiHoc/HK222/KTMT/BTL/SYSTEM/CA_Assignment/sources_1/new/IMEM.v:28]
WARNING: [Synth 8-3848] Net ins in module/entity IMEM does not have driver. [D:/DaiHoc/HK222/KTMT/BTL/SYSTEM/CA_Assignment/sources_1/new/IMEM.v:28]
WARNING: [Synth 8-3848] Net ins in module/entity IMEM does not have driver. [D:/DaiHoc/HK222/KTMT/BTL/SYSTEM/CA_Assignment/sources_1/new/IMEM.v:28]
WARNING: [Synth 8-3848] Net ins in module/entity IMEM does not have driver. [D:/DaiHoc/HK222/KTMT/BTL/SYSTEM/CA_Assignment/sources_1/new/IMEM.v:28]
WARNING: [Synth 8-3848] Net ins in module/entity IMEM does not have driver. [D:/DaiHoc/HK222/KTMT/BTL/SYSTEM/CA_Assignment/sources_1/new/IMEM.v:28]
WARNING: [Synth 8-3848] Net ins in module/entity IMEM does not have driver. [D:/DaiHoc/HK222/KTMT/BTL/SYSTEM/CA_Assignment/sources_1/new/IMEM.v:28]
WARNING: [Synth 8-3848] Net ins in module/entity IMEM does not have driver. [D:/DaiHoc/HK222/KTMT/BTL/SYSTEM/CA_Assignment/sources_1/new/IMEM.v:28]
WARNING: [Synth 8-3848] Net ins in module/entity IMEM does not have driver. [D:/DaiHoc/HK222/KTMT/BTL/SYSTEM/CA_Assignment/sources_1/new/IMEM.v:28]
WARNING: [Synth 8-3848] Net ins in module/entity IMEM does not have driver. [D:/DaiHoc/HK222/KTMT/BTL/SYSTEM/CA_Assignment/sources_1/new/IMEM.v:28]
WARNING: [Synth 8-3848] Net ins in module/entity IMEM does not have driver. [D:/DaiHoc/HK222/KTMT/BTL/SYSTEM/CA_Assignment/sources_1/new/IMEM.v:28]
WARNING: [Synth 8-3848] Net ins in module/entity IMEM does not have driver. [D:/DaiHoc/HK222/KTMT/BTL/SYSTEM/CA_Assignment/sources_1/new/IMEM.v:28]
WARNING: [Synth 8-3848] Net ins in module/entity IMEM does not have driver. [D:/DaiHoc/HK222/KTMT/BTL/SYSTEM/CA_Assignment/sources_1/new/IMEM.v:28]
WARNING: [Synth 8-3848] Net ins in module/entity IMEM does not have driver. [D:/DaiHoc/HK222/KTMT/BTL/SYSTEM/CA_Assignment/sources_1/new/IMEM.v:28]
WARNING: [Synth 8-3848] Net ins in module/entity IMEM does not have driver. [D:/DaiHoc/HK222/KTMT/BTL/SYSTEM/CA_Assignment/sources_1/new/IMEM.v:28]
WARNING: [Synth 8-3848] Net ins in module/entity IMEM does not have driver. [D:/DaiHoc/HK222/KTMT/BTL/SYSTEM/CA_Assignment/sources_1/new/IMEM.v:28]
WARNING: [Synth 8-3848] Net ins in module/entity IMEM does not have driver. [D:/DaiHoc/HK222/KTMT/BTL/SYSTEM/CA_Assignment/sources_1/new/IMEM.v:28]
WARNING: [Synth 8-3848] Net ins in module/entity IMEM does not have driver. [D:/DaiHoc/HK222/KTMT/BTL/SYSTEM/CA_Assignment/sources_1/new/IMEM.v:28]
WARNING: [Synth 8-3848] Net ins in module/entity IMEM does not have driver. [D:/DaiHoc/HK222/KTMT/BTL/SYSTEM/CA_Assignment/sources_1/new/IMEM.v:28]
WARNING: [Synth 8-3848] Net ins in module/entity IMEM does not have driver. [D:/DaiHoc/HK222/KTMT/BTL/SYSTEM/CA_Assignment/sources_1/new/IMEM.v:28]
WARNING: [Synth 8-3848] Net ins in module/entity IMEM does not have driver. [D:/DaiHoc/HK222/KTMT/BTL/SYSTEM/CA_Assignment/sources_1/new/IMEM.v:28]
WARNING: [Synth 8-3848] Net ins in module/entity IMEM does not have driver. [D:/DaiHoc/HK222/KTMT/BTL/SYSTEM/CA_Assignment/sources_1/new/IMEM.v:28]
WARNING: [Synth 8-3848] Net ins in module/entity IMEM does not have driver. [D:/DaiHoc/HK222/KTMT/BTL/SYSTEM/CA_Assignment/sources_1/new/IMEM.v:28]
WARNING: [Synth 8-3848] Net ins in module/entity IMEM does not have driver. [D:/DaiHoc/HK222/KTMT/BTL/SYSTEM/CA_Assignment/sources_1/new/IMEM.v:28]
WARNING: [Synth 8-3848] Net ins in module/entity IMEM does not have driver. [D:/DaiHoc/HK222/KTMT/BTL/SYSTEM/CA_Assignment/sources_1/new/IMEM.v:28]
WARNING: [Synth 8-3848] Net ins in module/entity IMEM does not have driver. [D:/DaiHoc/HK222/KTMT/BTL/SYSTEM/CA_Assignment/sources_1/new/IMEM.v:28]
WARNING: [Synth 8-3848] Net ins in module/entity IMEM does not have driver. [D:/DaiHoc/HK222/KTMT/BTL/SYSTEM/CA_Assignment/sources_1/new/IMEM.v:28]
WARNING: [Synth 8-3848] Net ins in module/entity IMEM does not have driver. [D:/DaiHoc/HK222/KTMT/BTL/SYSTEM/CA_Assignment/sources_1/new/IMEM.v:28]
WARNING: [Synth 8-3848] Net ins in module/entity IMEM does not have driver. [D:/DaiHoc/HK222/KTMT/BTL/SYSTEM/CA_Assignment/sources_1/new/IMEM.v:28]
WARNING: [Synth 8-3848] Net ins in module/entity IMEM does not have driver. [D:/DaiHoc/HK222/KTMT/BTL/SYSTEM/CA_Assignment/sources_1/new/IMEM.v:28]
WARNING: [Synth 8-3848] Net ins in module/entity IMEM does not have driver. [D:/DaiHoc/HK222/KTMT/BTL/SYSTEM/CA_Assignment/sources_1/new/IMEM.v:28]
WARNING: [Synth 8-3848] Net ins in module/entity IMEM does not have driver. [D:/DaiHoc/HK222/KTMT/BTL/SYSTEM/CA_Assignment/sources_1/new/IMEM.v:28]
WARNING: [Synth 8-3848] Net ins in module/entity IMEM does not have driver. [D:/DaiHoc/HK222/KTMT/BTL/SYSTEM/CA_Assignment/sources_1/new/IMEM.v:28]
WARNING: [Synth 8-3848] Net ins in module/entity IMEM does not have driver. [D:/DaiHoc/HK222/KTMT/BTL/SYSTEM/CA_Assignment/sources_1/new/IMEM.v:28]
WARNING: [Synth 8-3848] Net ins in module/entity IMEM does not have driver. [D:/DaiHoc/HK222/KTMT/BTL/SYSTEM/CA_Assignment/sources_1/new/IMEM.v:28]
WARNING: [Synth 8-3848] Net ins in module/entity IMEM does not have driver. [D:/DaiHoc/HK222/KTMT/BTL/SYSTEM/CA_Assignment/sources_1/new/IMEM.v:28]
WARNING: [Synth 8-3848] Net ins in module/entity IMEM does not have driver. [D:/DaiHoc/HK222/KTMT/BTL/SYSTEM/CA_Assignment/sources_1/new/IMEM.v:28]
WARNING: [Synth 8-3848] Net ins in module/entity IMEM does not have driver. [D:/DaiHoc/HK222/KTMT/BTL/SYSTEM/CA_Assignment/sources_1/new/IMEM.v:28]
WARNING: [Synth 8-3848] Net ins in module/entity IMEM does not have driver. [D:/DaiHoc/HK222/KTMT/BTL/SYSTEM/CA_Assignment/sources_1/new/IMEM.v:28]
WARNING: [Synth 8-3848] Net ins in module/entity IMEM does not have driver. [D:/DaiHoc/HK222/KTMT/BTL/SYSTEM/CA_Assignment/sources_1/new/IMEM.v:28]
WARNING: [Synth 8-3848] Net ins in module/entity IMEM does not have driver. [D:/DaiHoc/HK222/KTMT/BTL/SYSTEM/CA_Assignment/sources_1/new/IMEM.v:28]
WARNING: [Synth 8-3848] Net ins in module/entity IMEM does not have driver. [D:/DaiHoc/HK222/KTMT/BTL/SYSTEM/CA_Assignment/sources_1/new/IMEM.v:28]
WARNING: [Synth 8-3848] Net ins in module/entity IMEM does not have driver. [D:/DaiHoc/HK222/KTMT/BTL/SYSTEM/CA_Assignment/sources_1/new/IMEM.v:28]
INFO: [Common 17-14] Message 'Synth 8-3848' appears 100 times and further instances of the messages will be disabled. Use the Tcl command set_msg_config to change the current settings.
INFO: [Synth 8-6155] done synthesizing module 'IMEM' (2#1) [D:/DaiHoc/HK222/KTMT/BTL/SYSTEM/CA_Assignment/sources_1/new/IMEM.v:23]
INFO: [Synth 8-6157] synthesizing module 'REG' [D:/DaiHoc/HK222/KTMT/BTL/SYSTEM/CA_Assignment/sources_1/new/REG.v:23]
INFO: [Synth 8-6155] done synthesizing module 'REG' (3#1) [D:/DaiHoc/HK222/KTMT/BTL/SYSTEM/CA_Assignment/sources_1/new/REG.v:23]
WARNING: [Synth 8-689] width (5) of port connection 'REG_address1' does not match port width (6) of module 'REG' [D:/DaiHoc/HK222/KTMT/BTL/SYSTEM/CA_Assignment/sources_1/new/system.v:76]
WARNING: [Synth 8-689] width (5) of port connection 'REG_address2' does not match port width (6) of module 'REG' [D:/DaiHoc/HK222/KTMT/BTL/SYSTEM/CA_Assignment/sources_1/new/system.v:76]
WARNING: [Synth 8-689] width (5) of port connection 'REG_address_wr' does not match port width (6) of module 'REG' [D:/DaiHoc/HK222/KTMT/BTL/SYSTEM/CA_Assignment/sources_1/new/system.v:77]
INFO: [Synth 8-6157] synthesizing module 'control' [D:/DaiHoc/HK222/KTMT/BTL/SYSTEM/CA_Assignment/sources_1/new/control.v:23]
INFO: [Synth 8-6155] done synthesizing module 'control' (4#1) [D:/DaiHoc/HK222/KTMT/BTL/SYSTEM/CA_Assignment/sources_1/new/control.v:23]
INFO: [Synth 8-6157] synthesizing module 'SignedExtended' [D:/DaiHoc/HK222/KTMT/BTL/SYSTEM/CA_Assignment/sources_1/new/SignedExtended.v:23]
	Parameter IN_WIDTH bound to: 16 - type: integer 
	Parameter OUT_WIDTH bound to: 32 - type: integer 
INFO: [Synth 8-6155] done synthesizing module 'SignedExtended' (5#1) [D:/DaiHoc/HK222/KTMT/BTL/SYSTEM/CA_Assignment/sources_1/new/SignedExtended.v:23]
INFO: [Synth 8-6157] synthesizing module 'ALU_control' [D:/DaiHoc/HK222/KTMT/BTL/SYSTEM/CA_Assignment/sources_1/new/ALU_control.v:23]
INFO: [Synth 8-6155] done synthesizing module 'ALU_control' (6#1) [D:/DaiHoc/HK222/KTMT/BTL/SYSTEM/CA_Assignment/sources_1/new/ALU_control.v:23]
INFO: [Synth 8-6157] synthesizing module 'ALU' [D:/DaiHoc/HK222/KTMT/BTL/SYSTEM/CA_Assignment/sources_1/new/ALU.v:23]
INFO: [Synth 8-6155] done synthesizing module 'ALU' (7#1) [D:/DaiHoc/HK222/KTMT/BTL/SYSTEM/CA_Assignment/sources_1/new/ALU.v:23]
INFO: [Synth 8-6157] synthesizing module 'DMEM' [D:/DaiHoc/HK222/KTMT/BTL/SYSTEM/CA_Assignment/sources_1/new/DMEM.v:23]
WARNING: [Synth 8-2898] ignoring malformed $readmem task: invalid memory name [D:/DaiHoc/HK222/KTMT/BTL/SYSTEM/CA_Assignment/sources_1/new/DMEM.v:35]
INFO: [Synth 8-6155] done synthesizing module 'DMEM' (8#1) [D:/DaiHoc/HK222/KTMT/BTL/SYSTEM/CA_Assignment/sources_1/new/DMEM.v:23]
INFO: [Synth 8-6157] synthesizing module 'Ex4to6' [D:/DaiHoc/HK222/KTMT/BTL/SYSTEM/CA_Assignment/sources_1/new/ex26to28.v:23]
INFO: [Synth 8-6155] done synthesizing module 'Ex4to6' (9#1) [D:/DaiHoc/HK222/KTMT/BTL/SYSTEM/CA_Assignment/sources_1/new/ex26to28.v:23]
WARNING: [Synth 8-689] width (4) of port connection 'in' does not match port width (5) of module 'Ex4to6' [D:/DaiHoc/HK222/KTMT/BTL/SYSTEM/CA_Assignment/sources_1/new/system.v:87]
WARNING: [Synth 8-689] width (6) of port connection 'out' does not match port width (7) of module 'Ex4to6' [D:/DaiHoc/HK222/KTMT/BTL/SYSTEM/CA_Assignment/sources_1/new/system.v:87]
INFO: [Synth 8-6157] synthesizing module 'Exception' [D:/DaiHoc/HK222/KTMT/BTL/SYSTEM/CA_Assignment/sources_1/new/Exception.v:23]
INFO: [Synth 8-6155] done synthesizing module 'Exception' (10#1) [D:/DaiHoc/HK222/KTMT/BTL/SYSTEM/CA_Assignment/sources_1/new/Exception.v:23]
INFO: [Synth 8-6155] done synthesizing module 'system' (11#1) [D:/DaiHoc/HK222/KTMT/BTL/SYSTEM/CA_Assignment/sources_1/new/system.v:23]
WARNING: [Synth 8-3331] design DMEM has unconnected port DMEM_address[31]
WARNING: [Synth 8-3331] design DMEM has unconnected port DMEM_address[30]
WARNING: [Synth 8-3331] design DMEM has unconnected port DMEM_address[29]
WARNING: [Synth 8-3331] design DMEM has unconnected port DMEM_address[28]
WARNING: [Synth 8-3331] design DMEM has unconnected port DMEM_address[27]
WARNING: [Synth 8-3331] design DMEM has unconnected port DMEM_address[26]
WARNING: [Synth 8-3331] design DMEM has unconnected port DMEM_address[25]
WARNING: [Synth 8-3331] design DMEM has unconnected port DMEM_address[24]
WARNING: [Synth 8-3331] design DMEM has unconnected port DMEM_address[23]
WARNING: [Synth 8-3331] design DMEM has unconnected port DMEM_address[22]
WARNING: [Synth 8-3331] design DMEM has unconnected port DMEM_address[21]
WARNING: [Synth 8-3331] design DMEM has unconnected port DMEM_address[20]
WARNING: [Synth 8-3331] design DMEM has unconnected port DMEM_address[19]
WARNING: [Synth 8-3331] design DMEM has unconnected port DMEM_address[18]
WARNING: [Synth 8-3331] design DMEM has unconnected port DMEM_address[17]
WARNING: [Synth 8-3331] design DMEM has unconnected port DMEM_address[16]
WARNING: [Synth 8-3331] design DMEM has unconnected port DMEM_address[15]
WARNING: [Synth 8-3331] design DMEM has unconnected port DMEM_address[14]
WARNING: [Synth 8-3331] design DMEM has unconnected port DMEM_address[13]
WARNING: [Synth 8-3331] design DMEM has unconnected port DMEM_address[12]
WARNING: [Synth 8-3331] design DMEM has unconnected port DMEM_address[11]
WARNING: [Synth 8-3331] design DMEM has unconnected port DMEM_address[10]
WARNING: [Synth 8-3331] design DMEM has unconnected port DMEM_address[9]
WARNING: [Synth 8-3331] design DMEM has unconnected port DMEM_address[8]
WARNING: [Synth 8-3331] design REG has unconnected port REG_address1[5]
WARNING: [Synth 8-3331] design REG has unconnected port REG_address2[5]
---------------------------------------------------------------------------------
Finished RTL Elaboration : Time (s): cpu = 00:00:21 ; elapsed = 00:00:19 . Memory (MB): peak = 1642.270 ; gain = 830.109
---------------------------------------------------------------------------------

Report Check Netlist: 
+------+------------------+-------+---------+-------+------------------+
|      |Item              |Errors |Warnings |Status |Description       |
+------+------------------+-------+---------+-------+------------------+
|1     |multi_driven_nets |      0|        0|Passed |Multi driven nets |
+------+------------------+-------+---------+-------+------------------+
---------------------------------------------------------------------------------
Start Handling Custom Attributes
---------------------------------------------------------------------------------
---------------------------------------------------------------------------------
Finished Handling Custom Attributes : Time (s): cpu = 00:00:24 ; elapsed = 00:00:23 . Memory (MB): peak = 1642.270 ; gain = 830.109
---------------------------------------------------------------------------------
---------------------------------------------------------------------------------
Finished RTL Optimization Phase 1 : Time (s): cpu = 00:00:24 ; elapsed = 00:00:23 . Memory (MB): peak = 1642.270 ; gain = 830.109
---------------------------------------------------------------------------------
INFO: [Device 21-403] Loading part xc7z020clg484-1
INFO: [Project 1-570] Preparing netlist for logic optimization

Processing XDC Constraints
Initializing timing engine
Completed Processing XDC Constraints

INFO: [Opt 31-138] Pushed 0 inverter(s) to 0 load pin(s).
INFO: [Project 1-111] Unisim Transformation Summary:
No Unisim elements were transformed.

RTL Elaboration Complete:  : Time (s): cpu = 00:01:16 ; elapsed = 00:01:06 . Memory (MB): peak = 2252.055 ; gain = 1439.895
27 Infos, 132 Warnings, 1 Critical Warnings and 0 Errors encountered.
synth_design completed successfully
synth_design: Time (s): cpu = 00:01:16 ; elapsed = 00:01:06 . Memory (MB): peak = 2252.055 ; gain = 1439.895
set_property is_enabled false [get_files  D:/DaiHoc/HK222/KTMT/BTL/SYSTEM/CA_Assignment/sources_1/new/IMEM.v]
set_property is_enabled true [get_files  D:/DaiHoc/HK222/KTMT/BTL/SYSTEM/CA_Assignment/sources_1/new/IMEM.v]
update_compile_order -fileset sources_1
refresh_design
---------------------------------------------------------------------------------
Starting RTL Elaboration : Time (s): cpu = 00:00:02 ; elapsed = 00:00:02 . Memory (MB): peak = 2252.055 ; gain = 0.000
---------------------------------------------------------------------------------
INFO: [Synth 8-6157] synthesizing module 'system' [D:/DaiHoc/HK222/KTMT/BTL/SYSTEM/CA_Assignment/sources_1/new/system.v:23]
INFO: [Synth 8-6157] synthesizing module 'PC' [D:/DaiHoc/HK222/KTMT/BTL/SYSTEM/CA_Assignment/sources_1/new/PC.v:23]
INFO: [Synth 8-6155] done synthesizing module 'PC' (1#1) [D:/DaiHoc/HK222/KTMT/BTL/SYSTEM/CA_Assignment/sources_1/new/PC.v:23]
INFO: [Synth 8-6157] synthesizing module 'IMEM' [D:/DaiHoc/HK222/KTMT/BTL/SYSTEM/CA_Assignment/sources_1/new/IMEM.v:23]
CRITICAL WARNING: [Synth 8-4445] could not open $readmem data file 'a.txt'; please make sure the file is added to project and has read permission, ignoring [D:/DaiHoc/HK222/KTMT/BTL/SYSTEM/CA_Assignment/sources_1/new/IMEM.v:31]

Warning: Trying to implement RAM in registers. Block RAM or DRAM implementation is not possible for one or more of the following reasons :
	1: Unable to determine number of words or word size in RAM. 
	2: No valid read/write found for RAM. 
RAM dissolved into registers
WARNING: [Synth 8-3848] Net ins in module/entity IMEM does not have driver. [D:/DaiHoc/HK222/KTMT/BTL/SYSTEM/CA_Assignment/sources_1/new/IMEM.v:28]
WARNING: [Synth 8-3848] Net ins in module/entity IMEM does not have driver. [D:/DaiHoc/HK222/KTMT/BTL/SYSTEM/CA_Assignment/sources_1/new/IMEM.v:28]
WARNING: [Synth 8-3848] Net ins in module/entity IMEM does not have driver. [D:/DaiHoc/HK222/KTMT/BTL/SYSTEM/CA_Assignment/sources_1/new/IMEM.v:28]
WARNING: [Synth 8-3848] Net ins in module/entity IMEM does not have driver. [D:/DaiHoc/HK222/KTMT/BTL/SYSTEM/CA_Assignment/sources_1/new/IMEM.v:28]
WARNING: [Synth 8-3848] Net ins in module/entity IMEM does not have driver. [D:/DaiHoc/HK222/KTMT/BTL/SYSTEM/CA_Assignment/sources_1/new/IMEM.v:28]
WARNING: [Synth 8-3848] Net ins in module/entity IMEM does not have driver. [D:/DaiHoc/HK222/KTMT/BTL/SYSTEM/CA_Assignment/sources_1/new/IMEM.v:28]
WARNING: [Synth 8-3848] Net ins in module/entity IMEM does not have driver. [D:/DaiHoc/HK222/KTMT/BTL/SYSTEM/CA_Assignment/sources_1/new/IMEM.v:28]
WARNING: [Synth 8-3848] Net ins in module/entity IMEM does not have driver. [D:/DaiHoc/HK222/KTMT/BTL/SYSTEM/CA_Assignment/sources_1/new/IMEM.v:28]
WARNING: [Synth 8-3848] Net ins in module/entity IMEM does not have driver. [D:/DaiHoc/HK222/KTMT/BTL/SYSTEM/CA_Assignment/sources_1/new/IMEM.v:28]
WARNING: [Synth 8-3848] Net ins in module/entity IMEM does not have driver. [D:/DaiHoc/HK222/KTMT/BTL/SYSTEM/CA_Assignment/sources_1/new/IMEM.v:28]
WARNING: [Synth 8-3848] Net ins in module/entity IMEM does not have driver. [D:/DaiHoc/HK222/KTMT/BTL/SYSTEM/CA_Assignment/sources_1/new/IMEM.v:28]
WARNING: [Synth 8-3848] Net ins in module/entity IMEM does not have driver. [D:/DaiHoc/HK222/KTMT/BTL/SYSTEM/CA_Assignment/sources_1/new/IMEM.v:28]
WARNING: [Synth 8-3848] Net ins in module/entity IMEM does not have driver. [D:/DaiHoc/HK222/KTMT/BTL/SYSTEM/CA_Assignment/sources_1/new/IMEM.v:28]
WARNING: [Synth 8-3848] Net ins in module/entity IMEM does not have driver. [D:/DaiHoc/HK222/KTMT/BTL/SYSTEM/CA_Assignment/sources_1/new/IMEM.v:28]
WARNING: [Synth 8-3848] Net ins in module/entity IMEM does not have driver. [D:/DaiHoc/HK222/KTMT/BTL/SYSTEM/CA_Assignment/sources_1/new/IMEM.v:28]
WARNING: [Synth 8-3848] Net ins in module/entity IMEM does not have driver. [D:/DaiHoc/HK222/KTMT/BTL/SYSTEM/CA_Assignment/sources_1/new/IMEM.v:28]
WARNING: [Synth 8-3848] Net ins in module/entity IMEM does not have driver. [D:/DaiHoc/HK222/KTMT/BTL/SYSTEM/CA_Assignment/sources_1/new/IMEM.v:28]
WARNING: [Synth 8-3848] Net ins in module/entity IMEM does not have driver. [D:/DaiHoc/HK222/KTMT/BTL/SYSTEM/CA_Assignment/sources_1/new/IMEM.v:28]
WARNING: [Synth 8-3848] Net ins in module/entity IMEM does not have driver. [D:/DaiHoc/HK222/KTMT/BTL/SYSTEM/CA_Assignment/sources_1/new/IMEM.v:28]
WARNING: [Synth 8-3848] Net ins in module/entity IMEM does not have driver. [D:/DaiHoc/HK222/KTMT/BTL/SYSTEM/CA_Assignment/sources_1/new/IMEM.v:28]
WARNING: [Synth 8-3848] Net ins in module/entity IMEM does not have driver. [D:/DaiHoc/HK222/KTMT/BTL/SYSTEM/CA_Assignment/sources_1/new/IMEM.v:28]
WARNING: [Synth 8-3848] Net ins in module/entity IMEM does not have driver. [D:/DaiHoc/HK222/KTMT/BTL/SYSTEM/CA_Assignment/sources_1/new/IMEM.v:28]
WARNING: [Synth 8-3848] Net ins in module/entity IMEM does not have driver. [D:/DaiHoc/HK222/KTMT/BTL/SYSTEM/CA_Assignment/sources_1/new/IMEM.v:28]
WARNING: [Synth 8-3848] Net ins in module/entity IMEM does not have driver. [D:/DaiHoc/HK222/KTMT/BTL/SYSTEM/CA_Assignment/sources_1/new/IMEM.v:28]
WARNING: [Synth 8-3848] Net ins in module/entity IMEM does not have driver. [D:/DaiHoc/HK222/KTMT/BTL/SYSTEM/CA_Assignment/sources_1/new/IMEM.v:28]
WARNING: [Synth 8-3848] Net ins in module/entity IMEM does not have driver. [D:/DaiHoc/HK222/KTMT/BTL/SYSTEM/CA_Assignment/sources_1/new/IMEM.v:28]
WARNING: [Synth 8-3848] Net ins in module/entity IMEM does not have driver. [D:/DaiHoc/HK222/KTMT/BTL/SYSTEM/CA_Assignment/sources_1/new/IMEM.v:28]
WARNING: [Synth 8-3848] Net ins in module/entity IMEM does not have driver. [D:/DaiHoc/HK222/KTMT/BTL/SYSTEM/CA_Assignment/sources_1/new/IMEM.v:28]
WARNING: [Synth 8-3848] Net ins in module/entity IMEM does not have driver. [D:/DaiHoc/HK222/KTMT/BTL/SYSTEM/CA_Assignment/sources_1/new/IMEM.v:28]
WARNING: [Synth 8-3848] Net ins in module/entity IMEM does not have driver. [D:/DaiHoc/HK222/KTMT/BTL/SYSTEM/CA_Assignment/sources_1/new/IMEM.v:28]
WARNING: [Synth 8-3848] Net ins in module/entity IMEM does not have driver. [D:/DaiHoc/HK222/KTMT/BTL/SYSTEM/CA_Assignment/sources_1/new/IMEM.v:28]
WARNING: [Synth 8-3848] Net ins in module/entity IMEM does not have driver. [D:/DaiHoc/HK222/KTMT/BTL/SYSTEM/CA_Assignment/sources_1/new/IMEM.v:28]
WARNING: [Synth 8-3848] Net ins in module/entity IMEM does not have driver. [D:/DaiHoc/HK222/KTMT/BTL/SYSTEM/CA_Assignment/sources_1/new/IMEM.v:28]
WARNING: [Synth 8-3848] Net ins in module/entity IMEM does not have driver. [D:/DaiHoc/HK222/KTMT/BTL/SYSTEM/CA_Assignment/sources_1/new/IMEM.v:28]
WARNING: [Synth 8-3848] Net ins in module/entity IMEM does not have driver. [D:/DaiHoc/HK222/KTMT/BTL/SYSTEM/CA_Assignment/sources_1/new/IMEM.v:28]
WARNING: [Synth 8-3848] Net ins in module/entity IMEM does not have driver. [D:/DaiHoc/HK222/KTMT/BTL/SYSTEM/CA_Assignment/sources_1/new/IMEM.v:28]
WARNING: [Synth 8-3848] Net ins in module/entity IMEM does not have driver. [D:/DaiHoc/HK222/KTMT/BTL/SYSTEM/CA_Assignment/sources_1/new/IMEM.v:28]
WARNING: [Synth 8-3848] Net ins in module/entity IMEM does not have driver. [D:/DaiHoc/HK222/KTMT/BTL/SYSTEM/CA_Assignment/sources_1/new/IMEM.v:28]
WARNING: [Synth 8-3848] Net ins in module/entity IMEM does not have driver. [D:/DaiHoc/HK222/KTMT/BTL/SYSTEM/CA_Assignment/sources_1/new/IMEM.v:28]
WARNING: [Synth 8-3848] Net ins in module/entity IMEM does not have driver. [D:/DaiHoc/HK222/KTMT/BTL/SYSTEM/CA_Assignment/sources_1/new/IMEM.v:28]
WARNING: [Synth 8-3848] Net ins in module/entity IMEM does not have driver. [D:/DaiHoc/HK222/KTMT/BTL/SYSTEM/CA_Assignment/sources_1/new/IMEM.v:28]
WARNING: [Synth 8-3848] Net ins in module/entity IMEM does not have driver. [D:/DaiHoc/HK222/KTMT/BTL/SYSTEM/CA_Assignment/sources_1/new/IMEM.v:28]
WARNING: [Synth 8-3848] Net ins in module/entity IMEM does not have driver. [D:/DaiHoc/HK222/KTMT/BTL/SYSTEM/CA_Assignment/sources_1/new/IMEM.v:28]
WARNING: [Synth 8-3848] Net ins in module/entity IMEM does not have driver. [D:/DaiHoc/HK222/KTMT/BTL/SYSTEM/CA_Assignment/sources_1/new/IMEM.v:28]
WARNING: [Synth 8-3848] Net ins in module/entity IMEM does not have driver. [D:/DaiHoc/HK222/KTMT/BTL/SYSTEM/CA_Assignment/sources_1/new/IMEM.v:28]
WARNING: [Synth 8-3848] Net ins in module/entity IMEM does not have driver. [D:/DaiHoc/HK222/KTMT/BTL/SYSTEM/CA_Assignment/sources_1/new/IMEM.v:28]
WARNING: [Synth 8-3848] Net ins in module/entity IMEM does not have driver. [D:/DaiHoc/HK222/KTMT/BTL/SYSTEM/CA_Assignment/sources_1/new/IMEM.v:28]
WARNING: [Synth 8-3848] Net ins in module/entity IMEM does not have driver. [D:/DaiHoc/HK222/KTMT/BTL/SYSTEM/CA_Assignment/sources_1/new/IMEM.v:28]
WARNING: [Synth 8-3848] Net ins in module/entity IMEM does not have driver. [D:/DaiHoc/HK222/KTMT/BTL/SYSTEM/CA_Assignment/sources_1/new/IMEM.v:28]
WARNING: [Synth 8-3848] Net ins in module/entity IMEM does not have driver. [D:/DaiHoc/HK222/KTMT/BTL/SYSTEM/CA_Assignment/sources_1/new/IMEM.v:28]
WARNING: [Synth 8-3848] Net ins in module/entity IMEM does not have driver. [D:/DaiHoc/HK222/KTMT/BTL/SYSTEM/CA_Assignment/sources_1/new/IMEM.v:28]
WARNING: [Synth 8-3848] Net ins in module/entity IMEM does not have driver. [D:/DaiHoc/HK222/KTMT/BTL/SYSTEM/CA_Assignment/sources_1/new/IMEM.v:28]
WARNING: [Synth 8-3848] Net ins in module/entity IMEM does not have driver. [D:/DaiHoc/HK222/KTMT/BTL/SYSTEM/CA_Assignment/sources_1/new/IMEM.v:28]
WARNING: [Synth 8-3848] Net ins in module/entity IMEM does not have driver. [D:/DaiHoc/HK222/KTMT/BTL/SYSTEM/CA_Assignment/sources_1/new/IMEM.v:28]
WARNING: [Synth 8-3848] Net ins in module/entity IMEM does not have driver. [D:/DaiHoc/HK222/KTMT/BTL/SYSTEM/CA_Assignment/sources_1/new/IMEM.v:28]
WARNING: [Synth 8-3848] Net ins in module/entity IMEM does not have driver. [D:/DaiHoc/HK222/KTMT/BTL/SYSTEM/CA_Assignment/sources_1/new/IMEM.v:28]
WARNING: [Synth 8-3848] Net ins in module/entity IMEM does not have driver. [D:/DaiHoc/HK222/KTMT/BTL/SYSTEM/CA_Assignment/sources_1/new/IMEM.v:28]
WARNING: [Synth 8-3848] Net ins in module/entity IMEM does not have driver. [D:/DaiHoc/HK222/KTMT/BTL/SYSTEM/CA_Assignment/sources_1/new/IMEM.v:28]
WARNING: [Synth 8-3848] Net ins in module/entity IMEM does not have driver. [D:/DaiHoc/HK222/KTMT/BTL/SYSTEM/CA_Assignment/sources_1/new/IMEM.v:28]
WARNING: [Synth 8-3848] Net ins in module/entity IMEM does not have driver. [D:/DaiHoc/HK222/KTMT/BTL/SYSTEM/CA_Assignment/sources_1/new/IMEM.v:28]
WARNING: [Synth 8-3848] Net ins in module/entity IMEM does not have driver. [D:/DaiHoc/HK222/KTMT/BTL/SYSTEM/CA_Assignment/sources_1/new/IMEM.v:28]
WARNING: [Synth 8-3848] Net ins in module/entity IMEM does not have driver. [D:/DaiHoc/HK222/KTMT/BTL/SYSTEM/CA_Assignment/sources_1/new/IMEM.v:28]
WARNING: [Synth 8-3848] Net ins in module/entity IMEM does not have driver. [D:/DaiHoc/HK222/KTMT/BTL/SYSTEM/CA_Assignment/sources_1/new/IMEM.v:28]
WARNING: [Synth 8-3848] Net ins in module/entity IMEM does not have driver. [D:/DaiHoc/HK222/KTMT/BTL/SYSTEM/CA_Assignment/sources_1/new/IMEM.v:28]
WARNING: [Synth 8-3848] Net ins in module/entity IMEM does not have driver. [D:/DaiHoc/HK222/KTMT/BTL/SYSTEM/CA_Assignment/sources_1/new/IMEM.v:28]
WARNING: [Synth 8-3848] Net ins in module/entity IMEM does not have driver. [D:/DaiHoc/HK222/KTMT/BTL/SYSTEM/CA_Assignment/sources_1/new/IMEM.v:28]
WARNING: [Synth 8-3848] Net ins in module/entity IMEM does not have driver. [D:/DaiHoc/HK222/KTMT/BTL/SYSTEM/CA_Assignment/sources_1/new/IMEM.v:28]
WARNING: [Synth 8-3848] Net ins in module/entity IMEM does not have driver. [D:/DaiHoc/HK222/KTMT/BTL/SYSTEM/CA_Assignment/sources_1/new/IMEM.v:28]
WARNING: [Synth 8-3848] Net ins in module/entity IMEM does not have driver. [D:/DaiHoc/HK222/KTMT/BTL/SYSTEM/CA_Assignment/sources_1/new/IMEM.v:28]
WARNING: [Synth 8-3848] Net ins in module/entity IMEM does not have driver. [D:/DaiHoc/HK222/KTMT/BTL/SYSTEM/CA_Assignment/sources_1/new/IMEM.v:28]
WARNING: [Synth 8-3848] Net ins in module/entity IMEM does not have driver. [D:/DaiHoc/HK222/KTMT/BTL/SYSTEM/CA_Assignment/sources_1/new/IMEM.v:28]
WARNING: [Synth 8-3848] Net ins in module/entity IMEM does not have driver. [D:/DaiHoc/HK222/KTMT/BTL/SYSTEM/CA_Assignment/sources_1/new/IMEM.v:28]
WARNING: [Synth 8-3848] Net ins in module/entity IMEM does not have driver. [D:/DaiHoc/HK222/KTMT/BTL/SYSTEM/CA_Assignment/sources_1/new/IMEM.v:28]
WARNING: [Synth 8-3848] Net ins in module/entity IMEM does not have driver. [D:/DaiHoc/HK222/KTMT/BTL/SYSTEM/CA_Assignment/sources_1/new/IMEM.v:28]
WARNING: [Synth 8-3848] Net ins in module/entity IMEM does not have driver. [D:/DaiHoc/HK222/KTMT/BTL/SYSTEM/CA_Assignment/sources_1/new/IMEM.v:28]
WARNING: [Synth 8-3848] Net ins in module/entity IMEM does not have driver. [D:/DaiHoc/HK222/KTMT/BTL/SYSTEM/CA_Assignment/sources_1/new/IMEM.v:28]
WARNING: [Synth 8-3848] Net ins in module/entity IMEM does not have driver. [D:/DaiHoc/HK222/KTMT/BTL/SYSTEM/CA_Assignment/sources_1/new/IMEM.v:28]
WARNING: [Synth 8-3848] Net ins in module/entity IMEM does not have driver. [D:/DaiHoc/HK222/KTMT/BTL/SYSTEM/CA_Assignment/sources_1/new/IMEM.v:28]
WARNING: [Synth 8-3848] Net ins in module/entity IMEM does not have driver. [D:/DaiHoc/HK222/KTMT/BTL/SYSTEM/CA_Assignment/sources_1/new/IMEM.v:28]
WARNING: [Synth 8-3848] Net ins in module/entity IMEM does not have driver. [D:/DaiHoc/HK222/KTMT/BTL/SYSTEM/CA_Assignment/sources_1/new/IMEM.v:28]
WARNING: [Synth 8-3848] Net ins in module/entity IMEM does not have driver. [D:/DaiHoc/HK222/KTMT/BTL/SYSTEM/CA_Assignment/sources_1/new/IMEM.v:28]
WARNING: [Synth 8-3848] Net ins in module/entity IMEM does not have driver. [D:/DaiHoc/HK222/KTMT/BTL/SYSTEM/CA_Assignment/sources_1/new/IMEM.v:28]
WARNING: [Synth 8-3848] Net ins in module/entity IMEM does not have driver. [D:/DaiHoc/HK222/KTMT/BTL/SYSTEM/CA_Assignment/sources_1/new/IMEM.v:28]
WARNING: [Synth 8-3848] Net ins in module/entity IMEM does not have driver. [D:/DaiHoc/HK222/KTMT/BTL/SYSTEM/CA_Assignment/sources_1/new/IMEM.v:28]
WARNING: [Synth 8-3848] Net ins in module/entity IMEM does not have driver. [D:/DaiHoc/HK222/KTMT/BTL/SYSTEM/CA_Assignment/sources_1/new/IMEM.v:28]
WARNING: [Synth 8-3848] Net ins in module/entity IMEM does not have driver. [D:/DaiHoc/HK222/KTMT/BTL/SYSTEM/CA_Assignment/sources_1/new/IMEM.v:28]
WARNING: [Synth 8-3848] Net ins in module/entity IMEM does not have driver. [D:/DaiHoc/HK222/KTMT/BTL/SYSTEM/CA_Assignment/sources_1/new/IMEM.v:28]
WARNING: [Synth 8-3848] Net ins in module/entity IMEM does not have driver. [D:/DaiHoc/HK222/KTMT/BTL/SYSTEM/CA_Assignment/sources_1/new/IMEM.v:28]
WARNING: [Synth 8-3848] Net ins in module/entity IMEM does not have driver. [D:/DaiHoc/HK222/KTMT/BTL/SYSTEM/CA_Assignment/sources_1/new/IMEM.v:28]
WARNING: [Synth 8-3848] Net ins in module/entity IMEM does not have driver. [D:/DaiHoc/HK222/KTMT/BTL/SYSTEM/CA_Assignment/sources_1/new/IMEM.v:28]
WARNING: [Synth 8-3848] Net ins in module/entity IMEM does not have driver. [D:/DaiHoc/HK222/KTMT/BTL/SYSTEM/CA_Assignment/sources_1/new/IMEM.v:28]
WARNING: [Synth 8-3848] Net ins in module/entity IMEM does not have driver. [D:/DaiHoc/HK222/KTMT/BTL/SYSTEM/CA_Assignment/sources_1/new/IMEM.v:28]
WARNING: [Synth 8-3848] Net ins in module/entity IMEM does not have driver. [D:/DaiHoc/HK222/KTMT/BTL/SYSTEM/CA_Assignment/sources_1/new/IMEM.v:28]
WARNING: [Synth 8-3848] Net ins in module/entity IMEM does not have driver. [D:/DaiHoc/HK222/KTMT/BTL/SYSTEM/CA_Assignment/sources_1/new/IMEM.v:28]
WARNING: [Synth 8-3848] Net ins in module/entity IMEM does not have driver. [D:/DaiHoc/HK222/KTMT/BTL/SYSTEM/CA_Assignment/sources_1/new/IMEM.v:28]
WARNING: [Synth 8-3848] Net ins in module/entity IMEM does not have driver. [D:/DaiHoc/HK222/KTMT/BTL/SYSTEM/CA_Assignment/sources_1/new/IMEM.v:28]
WARNING: [Synth 8-3848] Net ins in module/entity IMEM does not have driver. [D:/DaiHoc/HK222/KTMT/BTL/SYSTEM/CA_Assignment/sources_1/new/IMEM.v:28]
WARNING: [Synth 8-3848] Net ins in module/entity IMEM does not have driver. [D:/DaiHoc/HK222/KTMT/BTL/SYSTEM/CA_Assignment/sources_1/new/IMEM.v:28]
WARNING: [Synth 8-3848] Net ins in module/entity IMEM does not have driver. [D:/DaiHoc/HK222/KTMT/BTL/SYSTEM/CA_Assignment/sources_1/new/IMEM.v:28]
WARNING: [Synth 8-3848] Net ins in module/entity IMEM does not have driver. [D:/DaiHoc/HK222/KTMT/BTL/SYSTEM/CA_Assignment/sources_1/new/IMEM.v:28]
INFO: [Common 17-14] Message 'Synth 8-3848' appears 100 times and further instances of the messages will be disabled. Use the Tcl command set_msg_config to change the current settings.
INFO: [Synth 8-6155] done synthesizing module 'IMEM' (2#1) [D:/DaiHoc/HK222/KTMT/BTL/SYSTEM/CA_Assignment/sources_1/new/IMEM.v:23]
INFO: [Synth 8-6157] synthesizing module 'REG' [D:/DaiHoc/HK222/KTMT/BTL/SYSTEM/CA_Assignment/sources_1/new/REG.v:23]
INFO: [Synth 8-6155] done synthesizing module 'REG' (3#1) [D:/DaiHoc/HK222/KTMT/BTL/SYSTEM/CA_Assignment/sources_1/new/REG.v:23]
WARNING: [Synth 8-689] width (5) of port connection 'REG_address1' does not match port width (6) of module 'REG' [D:/DaiHoc/HK222/KTMT/BTL/SYSTEM/CA_Assignment/sources_1/new/system.v:76]
WARNING: [Synth 8-689] width (5) of port connection 'REG_address2' does not match port width (6) of module 'REG' [D:/DaiHoc/HK222/KTMT/BTL/SYSTEM/CA_Assignment/sources_1/new/system.v:76]
WARNING: [Synth 8-689] width (5) of port connection 'REG_address_wr' does not match port width (6) of module 'REG' [D:/DaiHoc/HK222/KTMT/BTL/SYSTEM/CA_Assignment/sources_1/new/system.v:77]
INFO: [Synth 8-6157] synthesizing module 'control' [D:/DaiHoc/HK222/KTMT/BTL/SYSTEM/CA_Assignment/sources_1/new/control.v:23]
INFO: [Synth 8-6155] done synthesizing module 'control' (4#1) [D:/DaiHoc/HK222/KTMT/BTL/SYSTEM/CA_Assignment/sources_1/new/control.v:23]
INFO: [Synth 8-6157] synthesizing module 'SignedExtended' [D:/DaiHoc/HK222/KTMT/BTL/SYSTEM/CA_Assignment/sources_1/new/SignedExtended.v:23]
	Parameter IN_WIDTH bound to: 16 - type: integer 
	Parameter OUT_WIDTH bound to: 32 - type: integer 
INFO: [Synth 8-6155] done synthesizing module 'SignedExtended' (5#1) [D:/DaiHoc/HK222/KTMT/BTL/SYSTEM/CA_Assignment/sources_1/new/SignedExtended.v:23]
INFO: [Synth 8-6157] synthesizing module 'ALU_control' [D:/DaiHoc/HK222/KTMT/BTL/SYSTEM/CA_Assignment/sources_1/new/ALU_control.v:23]
INFO: [Synth 8-6155] done synthesizing module 'ALU_control' (6#1) [D:/DaiHoc/HK222/KTMT/BTL/SYSTEM/CA_Assignment/sources_1/new/ALU_control.v:23]
INFO: [Synth 8-6157] synthesizing module 'ALU' [D:/DaiHoc/HK222/KTMT/BTL/SYSTEM/CA_Assignment/sources_1/new/ALU.v:23]
INFO: [Synth 8-6155] done synthesizing module 'ALU' (7#1) [D:/DaiHoc/HK222/KTMT/BTL/SYSTEM/CA_Assignment/sources_1/new/ALU.v:23]
INFO: [Synth 8-6157] synthesizing module 'DMEM' [D:/DaiHoc/HK222/KTMT/BTL/SYSTEM/CA_Assignment/sources_1/new/DMEM.v:23]
WARNING: [Synth 8-2898] ignoring malformed $readmem task: invalid memory name [D:/DaiHoc/HK222/KTMT/BTL/SYSTEM/CA_Assignment/sources_1/new/DMEM.v:35]
INFO: [Synth 8-6155] done synthesizing module 'DMEM' (8#1) [D:/DaiHoc/HK222/KTMT/BTL/SYSTEM/CA_Assignment/sources_1/new/DMEM.v:23]
INFO: [Synth 8-6157] synthesizing module 'Ex4to6' [D:/DaiHoc/HK222/KTMT/BTL/SYSTEM/CA_Assignment/sources_1/new/ex26to28.v:23]
INFO: [Synth 8-6155] done synthesizing module 'Ex4to6' (9#1) [D:/DaiHoc/HK222/KTMT/BTL/SYSTEM/CA_Assignment/sources_1/new/ex26to28.v:23]
WARNING: [Synth 8-689] width (4) of port connection 'in' does not match port width (5) of module 'Ex4to6' [D:/DaiHoc/HK222/KTMT/BTL/SYSTEM/CA_Assignment/sources_1/new/system.v:87]
WARNING: [Synth 8-689] width (6) of port connection 'out' does not match port width (7) of module 'Ex4to6' [D:/DaiHoc/HK222/KTMT/BTL/SYSTEM/CA_Assignment/sources_1/new/system.v:87]
INFO: [Synth 8-6157] synthesizing module 'Exception' [D:/DaiHoc/HK222/KTMT/BTL/SYSTEM/CA_Assignment/sources_1/new/Exception.v:23]
INFO: [Synth 8-6155] done synthesizing module 'Exception' (10#1) [D:/DaiHoc/HK222/KTMT/BTL/SYSTEM/CA_Assignment/sources_1/new/Exception.v:23]
INFO: [Synth 8-6155] done synthesizing module 'system' (11#1) [D:/DaiHoc/HK222/KTMT/BTL/SYSTEM/CA_Assignment/sources_1/new/system.v:23]
WARNING: [Synth 8-3331] design DMEM has unconnected port DMEM_address[31]
WARNING: [Synth 8-3331] design DMEM has unconnected port DMEM_address[30]
WARNING: [Synth 8-3331] design DMEM has unconnected port DMEM_address[29]
WARNING: [Synth 8-3331] design DMEM has unconnected port DMEM_address[28]
WARNING: [Synth 8-3331] design DMEM has unconnected port DMEM_address[27]
WARNING: [Synth 8-3331] design DMEM has unconnected port DMEM_address[26]
WARNING: [Synth 8-3331] design DMEM has unconnected port DMEM_address[25]
WARNING: [Synth 8-3331] design DMEM has unconnected port DMEM_address[24]
WARNING: [Synth 8-3331] design DMEM has unconnected port DMEM_address[23]
WARNING: [Synth 8-3331] design DMEM has unconnected port DMEM_address[22]
WARNING: [Synth 8-3331] design DMEM has unconnected port DMEM_address[21]
WARNING: [Synth 8-3331] design DMEM has unconnected port DMEM_address[20]
WARNING: [Synth 8-3331] design DMEM has unconnected port DMEM_address[19]
WARNING: [Synth 8-3331] design DMEM has unconnected port DMEM_address[18]
WARNING: [Synth 8-3331] design DMEM has unconnected port DMEM_address[17]
WARNING: [Synth 8-3331] design DMEM has unconnected port DMEM_address[16]
WARNING: [Synth 8-3331] design DMEM has unconnected port DMEM_address[15]
WARNING: [Synth 8-3331] design DMEM has unconnected port DMEM_address[14]
WARNING: [Synth 8-3331] design DMEM has unconnected port DMEM_address[13]
WARNING: [Synth 8-3331] design DMEM has unconnected port DMEM_address[12]
WARNING: [Synth 8-3331] design DMEM has unconnected port DMEM_address[11]
WARNING: [Synth 8-3331] design DMEM has unconnected port DMEM_address[10]
WARNING: [Synth 8-3331] design DMEM has unconnected port DMEM_address[9]
WARNING: [Synth 8-3331] design DMEM has unconnected port DMEM_address[8]
WARNING: [Synth 8-3331] design REG has unconnected port REG_address1[5]
WARNING: [Synth 8-3331] design REG has unconnected port REG_address2[5]
---------------------------------------------------------------------------------
Finished RTL Elaboration : Time (s): cpu = 00:00:25 ; elapsed = 00:00:24 . Memory (MB): peak = 2314.926 ; gain = 62.871
---------------------------------------------------------------------------------

Report Check Netlist: 
+------+------------------+-------+---------+-------+------------------+
|      |Item              |Errors |Warnings |Status |Description       |
+------+------------------+-------+---------+-------+------------------+
|1     |multi_driven_nets |      0|        0|Passed |Multi driven nets |
+------+------------------+-------+---------+-------+------------------+
---------------------------------------------------------------------------------
Start Handling Custom Attributes
---------------------------------------------------------------------------------
---------------------------------------------------------------------------------
Finished Handling Custom Attributes : Time (s): cpu = 00:00:29 ; elapsed = 00:00:28 . Memory (MB): peak = 2314.926 ; gain = 62.871
---------------------------------------------------------------------------------
---------------------------------------------------------------------------------
Finished RTL Optimization Phase 1 : Time (s): cpu = 00:00:29 ; elapsed = 00:00:28 . Memory (MB): peak = 2314.926 ; gain = 62.871
---------------------------------------------------------------------------------
INFO: [Project 1-570] Preparing netlist for logic optimization

Processing XDC Constraints
Initializing timing engine
Completed Processing XDC Constraints

INFO: [Opt 31-138] Pushed 0 inverter(s) to 0 load pin(s).
refresh_design: Time (s): cpu = 00:01:07 ; elapsed = 00:00:59 . Memory (MB): peak = 2395.828 ; gain = 143.773
close_design
synth_design -rtl -name rtl_1
Command: synth_design -rtl -name rtl_1
Starting synth_design
Using part: xc7z020clg484-1
Top: system
---------------------------------------------------------------------------------
Starting RTL Elaboration : Time (s): cpu = 00:00:04 ; elapsed = 00:00:03 . Memory (MB): peak = 2395.828 ; gain = 0.000
---------------------------------------------------------------------------------
INFO: [Synth 8-6157] synthesizing module 'system' [D:/DaiHoc/HK222/KTMT/BTL/SYSTEM/CA_Assignment/sources_1/new/system.v:23]
INFO: [Synth 8-6157] synthesizing module 'PC' [D:/DaiHoc/HK222/KTMT/BTL/SYSTEM/CA_Assignment/sources_1/new/PC.v:23]
INFO: [Synth 8-6155] done synthesizing module 'PC' (1#1) [D:/DaiHoc/HK222/KTMT/BTL/SYSTEM/CA_Assignment/sources_1/new/PC.v:23]
INFO: [Synth 8-6157] synthesizing module 'IMEM' [D:/DaiHoc/HK222/KTMT/BTL/SYSTEM/CA_Assignment/sources_1/new/IMEM.v:23]
CRITICAL WARNING: [Synth 8-4445] could not open $readmem data file 'a.txt'; please make sure the file is added to project and has read permission, ignoring [D:/DaiHoc/HK222/KTMT/BTL/SYSTEM/CA_Assignment/sources_1/new/IMEM.v:31]

Warning: Trying to implement RAM in registers. Block RAM or DRAM implementation is not possible for one or more of the following reasons :
	1: Unable to determine number of words or word size in RAM. 
	2: No valid read/write found for RAM. 
RAM dissolved into registers
WARNING: [Synth 8-3848] Net ins in module/entity IMEM does not have driver. [D:/DaiHoc/HK222/KTMT/BTL/SYSTEM/CA_Assignment/sources_1/new/IMEM.v:28]
WARNING: [Synth 8-3848] Net ins in module/entity IMEM does not have driver. [D:/DaiHoc/HK222/KTMT/BTL/SYSTEM/CA_Assignment/sources_1/new/IMEM.v:28]
WARNING: [Synth 8-3848] Net ins in module/entity IMEM does not have driver. [D:/DaiHoc/HK222/KTMT/BTL/SYSTEM/CA_Assignment/sources_1/new/IMEM.v:28]
WARNING: [Synth 8-3848] Net ins in module/entity IMEM does not have driver. [D:/DaiHoc/HK222/KTMT/BTL/SYSTEM/CA_Assignment/sources_1/new/IMEM.v:28]
WARNING: [Synth 8-3848] Net ins in module/entity IMEM does not have driver. [D:/DaiHoc/HK222/KTMT/BTL/SYSTEM/CA_Assignment/sources_1/new/IMEM.v:28]
WARNING: [Synth 8-3848] Net ins in module/entity IMEM does not have driver. [D:/DaiHoc/HK222/KTMT/BTL/SYSTEM/CA_Assignment/sources_1/new/IMEM.v:28]
WARNING: [Synth 8-3848] Net ins in module/entity IMEM does not have driver. [D:/DaiHoc/HK222/KTMT/BTL/SYSTEM/CA_Assignment/sources_1/new/IMEM.v:28]
WARNING: [Synth 8-3848] Net ins in module/entity IMEM does not have driver. [D:/DaiHoc/HK222/KTMT/BTL/SYSTEM/CA_Assignment/sources_1/new/IMEM.v:28]
WARNING: [Synth 8-3848] Net ins in module/entity IMEM does not have driver. [D:/DaiHoc/HK222/KTMT/BTL/SYSTEM/CA_Assignment/sources_1/new/IMEM.v:28]
WARNING: [Synth 8-3848] Net ins in module/entity IMEM does not have driver. [D:/DaiHoc/HK222/KTMT/BTL/SYSTEM/CA_Assignment/sources_1/new/IMEM.v:28]
WARNING: [Synth 8-3848] Net ins in module/entity IMEM does not have driver. [D:/DaiHoc/HK222/KTMT/BTL/SYSTEM/CA_Assignment/sources_1/new/IMEM.v:28]
WARNING: [Synth 8-3848] Net ins in module/entity IMEM does not have driver. [D:/DaiHoc/HK222/KTMT/BTL/SYSTEM/CA_Assignment/sources_1/new/IMEM.v:28]
WARNING: [Synth 8-3848] Net ins in module/entity IMEM does not have driver. [D:/DaiHoc/HK222/KTMT/BTL/SYSTEM/CA_Assignment/sources_1/new/IMEM.v:28]
WARNING: [Synth 8-3848] Net ins in module/entity IMEM does not have driver. [D:/DaiHoc/HK222/KTMT/BTL/SYSTEM/CA_Assignment/sources_1/new/IMEM.v:28]
WARNING: [Synth 8-3848] Net ins in module/entity IMEM does not have driver. [D:/DaiHoc/HK222/KTMT/BTL/SYSTEM/CA_Assignment/sources_1/new/IMEM.v:28]
WARNING: [Synth 8-3848] Net ins in module/entity IMEM does not have driver. [D:/DaiHoc/HK222/KTMT/BTL/SYSTEM/CA_Assignment/sources_1/new/IMEM.v:28]
WARNING: [Synth 8-3848] Net ins in module/entity IMEM does not have driver. [D:/DaiHoc/HK222/KTMT/BTL/SYSTEM/CA_Assignment/sources_1/new/IMEM.v:28]
WARNING: [Synth 8-3848] Net ins in module/entity IMEM does not have driver. [D:/DaiHoc/HK222/KTMT/BTL/SYSTEM/CA_Assignment/sources_1/new/IMEM.v:28]
WARNING: [Synth 8-3848] Net ins in module/entity IMEM does not have driver. [D:/DaiHoc/HK222/KTMT/BTL/SYSTEM/CA_Assignment/sources_1/new/IMEM.v:28]
WARNING: [Synth 8-3848] Net ins in module/entity IMEM does not have driver. [D:/DaiHoc/HK222/KTMT/BTL/SYSTEM/CA_Assignment/sources_1/new/IMEM.v:28]
WARNING: [Synth 8-3848] Net ins in module/entity IMEM does not have driver. [D:/DaiHoc/HK222/KTMT/BTL/SYSTEM/CA_Assignment/sources_1/new/IMEM.v:28]
WARNING: [Synth 8-3848] Net ins in module/entity IMEM does not have driver. [D:/DaiHoc/HK222/KTMT/BTL/SYSTEM/CA_Assignment/sources_1/new/IMEM.v:28]
WARNING: [Synth 8-3848] Net ins in module/entity IMEM does not have driver. [D:/DaiHoc/HK222/KTMT/BTL/SYSTEM/CA_Assignment/sources_1/new/IMEM.v:28]
WARNING: [Synth 8-3848] Net ins in module/entity IMEM does not have driver. [D:/DaiHoc/HK222/KTMT/BTL/SYSTEM/CA_Assignment/sources_1/new/IMEM.v:28]
WARNING: [Synth 8-3848] Net ins in module/entity IMEM does not have driver. [D:/DaiHoc/HK222/KTMT/BTL/SYSTEM/CA_Assignment/sources_1/new/IMEM.v:28]
WARNING: [Synth 8-3848] Net ins in module/entity IMEM does not have driver. [D:/DaiHoc/HK222/KTMT/BTL/SYSTEM/CA_Assignment/sources_1/new/IMEM.v:28]
WARNING: [Synth 8-3848] Net ins in module/entity IMEM does not have driver. [D:/DaiHoc/HK222/KTMT/BTL/SYSTEM/CA_Assignment/sources_1/new/IMEM.v:28]
WARNING: [Synth 8-3848] Net ins in module/entity IMEM does not have driver. [D:/DaiHoc/HK222/KTMT/BTL/SYSTEM/CA_Assignment/sources_1/new/IMEM.v:28]
WARNING: [Synth 8-3848] Net ins in module/entity IMEM does not have driver. [D:/DaiHoc/HK222/KTMT/BTL/SYSTEM/CA_Assignment/sources_1/new/IMEM.v:28]
WARNING: [Synth 8-3848] Net ins in module/entity IMEM does not have driver. [D:/DaiHoc/HK222/KTMT/BTL/SYSTEM/CA_Assignment/sources_1/new/IMEM.v:28]
WARNING: [Synth 8-3848] Net ins in module/entity IMEM does not have driver. [D:/DaiHoc/HK222/KTMT/BTL/SYSTEM/CA_Assignment/sources_1/new/IMEM.v:28]
WARNING: [Synth 8-3848] Net ins in module/entity IMEM does not have driver. [D:/DaiHoc/HK222/KTMT/BTL/SYSTEM/CA_Assignment/sources_1/new/IMEM.v:28]
WARNING: [Synth 8-3848] Net ins in module/entity IMEM does not have driver. [D:/DaiHoc/HK222/KTMT/BTL/SYSTEM/CA_Assignment/sources_1/new/IMEM.v:28]
WARNING: [Synth 8-3848] Net ins in module/entity IMEM does not have driver. [D:/DaiHoc/HK222/KTMT/BTL/SYSTEM/CA_Assignment/sources_1/new/IMEM.v:28]
WARNING: [Synth 8-3848] Net ins in module/entity IMEM does not have driver. [D:/DaiHoc/HK222/KTMT/BTL/SYSTEM/CA_Assignment/sources_1/new/IMEM.v:28]
WARNING: [Synth 8-3848] Net ins in module/entity IMEM does not have driver. [D:/DaiHoc/HK222/KTMT/BTL/SYSTEM/CA_Assignment/sources_1/new/IMEM.v:28]
WARNING: [Synth 8-3848] Net ins in module/entity IMEM does not have driver. [D:/DaiHoc/HK222/KTMT/BTL/SYSTEM/CA_Assignment/sources_1/new/IMEM.v:28]
WARNING: [Synth 8-3848] Net ins in module/entity IMEM does not have driver. [D:/DaiHoc/HK222/KTMT/BTL/SYSTEM/CA_Assignment/sources_1/new/IMEM.v:28]
WARNING: [Synth 8-3848] Net ins in module/entity IMEM does not have driver. [D:/DaiHoc/HK222/KTMT/BTL/SYSTEM/CA_Assignment/sources_1/new/IMEM.v:28]
WARNING: [Synth 8-3848] Net ins in module/entity IMEM does not have driver. [D:/DaiHoc/HK222/KTMT/BTL/SYSTEM/CA_Assignment/sources_1/new/IMEM.v:28]
WARNING: [Synth 8-3848] Net ins in module/entity IMEM does not have driver. [D:/DaiHoc/HK222/KTMT/BTL/SYSTEM/CA_Assignment/sources_1/new/IMEM.v:28]
WARNING: [Synth 8-3848] Net ins in module/entity IMEM does not have driver. [D:/DaiHoc/HK222/KTMT/BTL/SYSTEM/CA_Assignment/sources_1/new/IMEM.v:28]
WARNING: [Synth 8-3848] Net ins in module/entity IMEM does not have driver. [D:/DaiHoc/HK222/KTMT/BTL/SYSTEM/CA_Assignment/sources_1/new/IMEM.v:28]
WARNING: [Synth 8-3848] Net ins in module/entity IMEM does not have driver. [D:/DaiHoc/HK222/KTMT/BTL/SYSTEM/CA_Assignment/sources_1/new/IMEM.v:28]
WARNING: [Synth 8-3848] Net ins in module/entity IMEM does not have driver. [D:/DaiHoc/HK222/KTMT/BTL/SYSTEM/CA_Assignment/sources_1/new/IMEM.v:28]
WARNING: [Synth 8-3848] Net ins in module/entity IMEM does not have driver. [D:/DaiHoc/HK222/KTMT/BTL/SYSTEM/CA_Assignment/sources_1/new/IMEM.v:28]
WARNING: [Synth 8-3848] Net ins in module/entity IMEM does not have driver. [D:/DaiHoc/HK222/KTMT/BTL/SYSTEM/CA_Assignment/sources_1/new/IMEM.v:28]
WARNING: [Synth 8-3848] Net ins in module/entity IMEM does not have driver. [D:/DaiHoc/HK222/KTMT/BTL/SYSTEM/CA_Assignment/sources_1/new/IMEM.v:28]
WARNING: [Synth 8-3848] Net ins in module/entity IMEM does not have driver. [D:/DaiHoc/HK222/KTMT/BTL/SYSTEM/CA_Assignment/sources_1/new/IMEM.v:28]
WARNING: [Synth 8-3848] Net ins in module/entity IMEM does not have driver. [D:/DaiHoc/HK222/KTMT/BTL/SYSTEM/CA_Assignment/sources_1/new/IMEM.v:28]
WARNING: [Synth 8-3848] Net ins in module/entity IMEM does not have driver. [D:/DaiHoc/HK222/KTMT/BTL/SYSTEM/CA_Assignment/sources_1/new/IMEM.v:28]
WARNING: [Synth 8-3848] Net ins in module/entity IMEM does not have driver. [D:/DaiHoc/HK222/KTMT/BTL/SYSTEM/CA_Assignment/sources_1/new/IMEM.v:28]
WARNING: [Synth 8-3848] Net ins in module/entity IMEM does not have driver. [D:/DaiHoc/HK222/KTMT/BTL/SYSTEM/CA_Assignment/sources_1/new/IMEM.v:28]
WARNING: [Synth 8-3848] Net ins in module/entity IMEM does not have driver. [D:/DaiHoc/HK222/KTMT/BTL/SYSTEM/CA_Assignment/sources_1/new/IMEM.v:28]
WARNING: [Synth 8-3848] Net ins in module/entity IMEM does not have driver. [D:/DaiHoc/HK222/KTMT/BTL/SYSTEM/CA_Assignment/sources_1/new/IMEM.v:28]
WARNING: [Synth 8-3848] Net ins in module/entity IMEM does not have driver. [D:/DaiHoc/HK222/KTMT/BTL/SYSTEM/CA_Assignment/sources_1/new/IMEM.v:28]
WARNING: [Synth 8-3848] Net ins in module/entity IMEM does not have driver. [D:/DaiHoc/HK222/KTMT/BTL/SYSTEM/CA_Assignment/sources_1/new/IMEM.v:28]
WARNING: [Synth 8-3848] Net ins in module/entity IMEM does not have driver. [D:/DaiHoc/HK222/KTMT/BTL/SYSTEM/CA_Assignment/sources_1/new/IMEM.v:28]
WARNING: [Synth 8-3848] Net ins in module/entity IMEM does not have driver. [D:/DaiHoc/HK222/KTMT/BTL/SYSTEM/CA_Assignment/sources_1/new/IMEM.v:28]
WARNING: [Synth 8-3848] Net ins in module/entity IMEM does not have driver. [D:/DaiHoc/HK222/KTMT/BTL/SYSTEM/CA_Assignment/sources_1/new/IMEM.v:28]
WARNING: [Synth 8-3848] Net ins in module/entity IMEM does not have driver. [D:/DaiHoc/HK222/KTMT/BTL/SYSTEM/CA_Assignment/sources_1/new/IMEM.v:28]
WARNING: [Synth 8-3848] Net ins in module/entity IMEM does not have driver. [D:/DaiHoc/HK222/KTMT/BTL/SYSTEM/CA_Assignment/sources_1/new/IMEM.v:28]
WARNING: [Synth 8-3848] Net ins in module/entity IMEM does not have driver. [D:/DaiHoc/HK222/KTMT/BTL/SYSTEM/CA_Assignment/sources_1/new/IMEM.v:28]
WARNING: [Synth 8-3848] Net ins in module/entity IMEM does not have driver. [D:/DaiHoc/HK222/KTMT/BTL/SYSTEM/CA_Assignment/sources_1/new/IMEM.v:28]
WARNING: [Synth 8-3848] Net ins in module/entity IMEM does not have driver. [D:/DaiHoc/HK222/KTMT/BTL/SYSTEM/CA_Assignment/sources_1/new/IMEM.v:28]
WARNING: [Synth 8-3848] Net ins in module/entity IMEM does not have driver. [D:/DaiHoc/HK222/KTMT/BTL/SYSTEM/CA_Assignment/sources_1/new/IMEM.v:28]
WARNING: [Synth 8-3848] Net ins in module/entity IMEM does not have driver. [D:/DaiHoc/HK222/KTMT/BTL/SYSTEM/CA_Assignment/sources_1/new/IMEM.v:28]
WARNING: [Synth 8-3848] Net ins in module/entity IMEM does not have driver. [D:/DaiHoc/HK222/KTMT/BTL/SYSTEM/CA_Assignment/sources_1/new/IMEM.v:28]
WARNING: [Synth 8-3848] Net ins in module/entity IMEM does not have driver. [D:/DaiHoc/HK222/KTMT/BTL/SYSTEM/CA_Assignment/sources_1/new/IMEM.v:28]
WARNING: [Synth 8-3848] Net ins in module/entity IMEM does not have driver. [D:/DaiHoc/HK222/KTMT/BTL/SYSTEM/CA_Assignment/sources_1/new/IMEM.v:28]
WARNING: [Synth 8-3848] Net ins in module/entity IMEM does not have driver. [D:/DaiHoc/HK222/KTMT/BTL/SYSTEM/CA_Assignment/sources_1/new/IMEM.v:28]
WARNING: [Synth 8-3848] Net ins in module/entity IMEM does not have driver. [D:/DaiHoc/HK222/KTMT/BTL/SYSTEM/CA_Assignment/sources_1/new/IMEM.v:28]
WARNING: [Synth 8-3848] Net ins in module/entity IMEM does not have driver. [D:/DaiHoc/HK222/KTMT/BTL/SYSTEM/CA_Assignment/sources_1/new/IMEM.v:28]
WARNING: [Synth 8-3848] Net ins in module/entity IMEM does not have driver. [D:/DaiHoc/HK222/KTMT/BTL/SYSTEM/CA_Assignment/sources_1/new/IMEM.v:28]
WARNING: [Synth 8-3848] Net ins in module/entity IMEM does not have driver. [D:/DaiHoc/HK222/KTMT/BTL/SYSTEM/CA_Assignment/sources_1/new/IMEM.v:28]
WARNING: [Synth 8-3848] Net ins in module/entity IMEM does not have driver. [D:/DaiHoc/HK222/KTMT/BTL/SYSTEM/CA_Assignment/sources_1/new/IMEM.v:28]
WARNING: [Synth 8-3848] Net ins in module/entity IMEM does not have driver. [D:/DaiHoc/HK222/KTMT/BTL/SYSTEM/CA_Assignment/sources_1/new/IMEM.v:28]
WARNING: [Synth 8-3848] Net ins in module/entity IMEM does not have driver. [D:/DaiHoc/HK222/KTMT/BTL/SYSTEM/CA_Assignment/sources_1/new/IMEM.v:28]
WARNING: [Synth 8-3848] Net ins in module/entity IMEM does not have driver. [D:/DaiHoc/HK222/KTMT/BTL/SYSTEM/CA_Assignment/sources_1/new/IMEM.v:28]
WARNING: [Synth 8-3848] Net ins in module/entity IMEM does not have driver. [D:/DaiHoc/HK222/KTMT/BTL/SYSTEM/CA_Assignment/sources_1/new/IMEM.v:28]
WARNING: [Synth 8-3848] Net ins in module/entity IMEM does not have driver. [D:/DaiHoc/HK222/KTMT/BTL/SYSTEM/CA_Assignment/sources_1/new/IMEM.v:28]
WARNING: [Synth 8-3848] Net ins in module/entity IMEM does not have driver. [D:/DaiHoc/HK222/KTMT/BTL/SYSTEM/CA_Assignment/sources_1/new/IMEM.v:28]
WARNING: [Synth 8-3848] Net ins in module/entity IMEM does not have driver. [D:/DaiHoc/HK222/KTMT/BTL/SYSTEM/CA_Assignment/sources_1/new/IMEM.v:28]
WARNING: [Synth 8-3848] Net ins in module/entity IMEM does not have driver. [D:/DaiHoc/HK222/KTMT/BTL/SYSTEM/CA_Assignment/sources_1/new/IMEM.v:28]
WARNING: [Synth 8-3848] Net ins in module/entity IMEM does not have driver. [D:/DaiHoc/HK222/KTMT/BTL/SYSTEM/CA_Assignment/sources_1/new/IMEM.v:28]
WARNING: [Synth 8-3848] Net ins in module/entity IMEM does not have driver. [D:/DaiHoc/HK222/KTMT/BTL/SYSTEM/CA_Assignment/sources_1/new/IMEM.v:28]
WARNING: [Synth 8-3848] Net ins in module/entity IMEM does not have driver. [D:/DaiHoc/HK222/KTMT/BTL/SYSTEM/CA_Assignment/sources_1/new/IMEM.v:28]
WARNING: [Synth 8-3848] Net ins in module/entity IMEM does not have driver. [D:/DaiHoc/HK222/KTMT/BTL/SYSTEM/CA_Assignment/sources_1/new/IMEM.v:28]
WARNING: [Synth 8-3848] Net ins in module/entity IMEM does not have driver. [D:/DaiHoc/HK222/KTMT/BTL/SYSTEM/CA_Assignment/sources_1/new/IMEM.v:28]
WARNING: [Synth 8-3848] Net ins in module/entity IMEM does not have driver. [D:/DaiHoc/HK222/KTMT/BTL/SYSTEM/CA_Assignment/sources_1/new/IMEM.v:28]
WARNING: [Synth 8-3848] Net ins in module/entity IMEM does not have driver. [D:/DaiHoc/HK222/KTMT/BTL/SYSTEM/CA_Assignment/sources_1/new/IMEM.v:28]
WARNING: [Synth 8-3848] Net ins in module/entity IMEM does not have driver. [D:/DaiHoc/HK222/KTMT/BTL/SYSTEM/CA_Assignment/sources_1/new/IMEM.v:28]
WARNING: [Synth 8-3848] Net ins in module/entity IMEM does not have driver. [D:/DaiHoc/HK222/KTMT/BTL/SYSTEM/CA_Assignment/sources_1/new/IMEM.v:28]
WARNING: [Synth 8-3848] Net ins in module/entity IMEM does not have driver. [D:/DaiHoc/HK222/KTMT/BTL/SYSTEM/CA_Assignment/sources_1/new/IMEM.v:28]
WARNING: [Synth 8-3848] Net ins in module/entity IMEM does not have driver. [D:/DaiHoc/HK222/KTMT/BTL/SYSTEM/CA_Assignment/sources_1/new/IMEM.v:28]
WARNING: [Synth 8-3848] Net ins in module/entity IMEM does not have driver. [D:/DaiHoc/HK222/KTMT/BTL/SYSTEM/CA_Assignment/sources_1/new/IMEM.v:28]
WARNING: [Synth 8-3848] Net ins in module/entity IMEM does not have driver. [D:/DaiHoc/HK222/KTMT/BTL/SYSTEM/CA_Assignment/sources_1/new/IMEM.v:28]
WARNING: [Synth 8-3848] Net ins in module/entity IMEM does not have driver. [D:/DaiHoc/HK222/KTMT/BTL/SYSTEM/CA_Assignment/sources_1/new/IMEM.v:28]
WARNING: [Synth 8-3848] Net ins in module/entity IMEM does not have driver. [D:/DaiHoc/HK222/KTMT/BTL/SYSTEM/CA_Assignment/sources_1/new/IMEM.v:28]
WARNING: [Synth 8-3848] Net ins in module/entity IMEM does not have driver. [D:/DaiHoc/HK222/KTMT/BTL/SYSTEM/CA_Assignment/sources_1/new/IMEM.v:28]
INFO: [Common 17-14] Message 'Synth 8-3848' appears 100 times and further instances of the messages will be disabled. Use the Tcl command set_msg_config to change the current settings.
INFO: [Synth 8-6155] done synthesizing module 'IMEM' (2#1) [D:/DaiHoc/HK222/KTMT/BTL/SYSTEM/CA_Assignment/sources_1/new/IMEM.v:23]
INFO: [Synth 8-6157] synthesizing module 'REG' [D:/DaiHoc/HK222/KTMT/BTL/SYSTEM/CA_Assignment/sources_1/new/REG.v:23]
INFO: [Synth 8-6155] done synthesizing module 'REG' (3#1) [D:/DaiHoc/HK222/KTMT/BTL/SYSTEM/CA_Assignment/sources_1/new/REG.v:23]
WARNING: [Synth 8-689] width (5) of port connection 'REG_address1' does not match port width (6) of module 'REG' [D:/DaiHoc/HK222/KTMT/BTL/SYSTEM/CA_Assignment/sources_1/new/system.v:76]
WARNING: [Synth 8-689] width (5) of port connection 'REG_address2' does not match port width (6) of module 'REG' [D:/DaiHoc/HK222/KTMT/BTL/SYSTEM/CA_Assignment/sources_1/new/system.v:76]
WARNING: [Synth 8-689] width (5) of port connection 'REG_address_wr' does not match port width (6) of module 'REG' [D:/DaiHoc/HK222/KTMT/BTL/SYSTEM/CA_Assignment/sources_1/new/system.v:77]
INFO: [Synth 8-6157] synthesizing module 'control' [D:/DaiHoc/HK222/KTMT/BTL/SYSTEM/CA_Assignment/sources_1/new/control.v:23]
INFO: [Synth 8-6155] done synthesizing module 'control' (4#1) [D:/DaiHoc/HK222/KTMT/BTL/SYSTEM/CA_Assignment/sources_1/new/control.v:23]
INFO: [Synth 8-6157] synthesizing module 'SignedExtended' [D:/DaiHoc/HK222/KTMT/BTL/SYSTEM/CA_Assignment/sources_1/new/SignedExtended.v:23]
	Parameter IN_WIDTH bound to: 16 - type: integer 
	Parameter OUT_WIDTH bound to: 32 - type: integer 
INFO: [Synth 8-6155] done synthesizing module 'SignedExtended' (5#1) [D:/DaiHoc/HK222/KTMT/BTL/SYSTEM/CA_Assignment/sources_1/new/SignedExtended.v:23]
INFO: [Synth 8-6157] synthesizing module 'ALU_control' [D:/DaiHoc/HK222/KTMT/BTL/SYSTEM/CA_Assignment/sources_1/new/ALU_control.v:23]
INFO: [Synth 8-6155] done synthesizing module 'ALU_control' (6#1) [D:/DaiHoc/HK222/KTMT/BTL/SYSTEM/CA_Assignment/sources_1/new/ALU_control.v:23]
INFO: [Synth 8-6157] synthesizing module 'ALU' [D:/DaiHoc/HK222/KTMT/BTL/SYSTEM/CA_Assignment/sources_1/new/ALU.v:23]
INFO: [Synth 8-6155] done synthesizing module 'ALU' (7#1) [D:/DaiHoc/HK222/KTMT/BTL/SYSTEM/CA_Assignment/sources_1/new/ALU.v:23]
INFO: [Synth 8-6157] synthesizing module 'DMEM' [D:/DaiHoc/HK222/KTMT/BTL/SYSTEM/CA_Assignment/sources_1/new/DMEM.v:23]
WARNING: [Synth 8-2898] ignoring malformed $readmem task: invalid memory name [D:/DaiHoc/HK222/KTMT/BTL/SYSTEM/CA_Assignment/sources_1/new/DMEM.v:35]
INFO: [Synth 8-6155] done synthesizing module 'DMEM' (8#1) [D:/DaiHoc/HK222/KTMT/BTL/SYSTEM/CA_Assignment/sources_1/new/DMEM.v:23]
INFO: [Synth 8-6157] synthesizing module 'Ex4to6' [D:/DaiHoc/HK222/KTMT/BTL/SYSTEM/CA_Assignment/sources_1/new/ex26to28.v:23]
INFO: [Synth 8-6155] done synthesizing module 'Ex4to6' (9#1) [D:/DaiHoc/HK222/KTMT/BTL/SYSTEM/CA_Assignment/sources_1/new/ex26to28.v:23]
WARNING: [Synth 8-689] width (4) of port connection 'in' does not match port width (5) of module 'Ex4to6' [D:/DaiHoc/HK222/KTMT/BTL/SYSTEM/CA_Assignment/sources_1/new/system.v:87]
WARNING: [Synth 8-689] width (6) of port connection 'out' does not match port width (7) of module 'Ex4to6' [D:/DaiHoc/HK222/KTMT/BTL/SYSTEM/CA_Assignment/sources_1/new/system.v:87]
INFO: [Synth 8-6157] synthesizing module 'Exception' [D:/DaiHoc/HK222/KTMT/BTL/SYSTEM/CA_Assignment/sources_1/new/Exception.v:23]
INFO: [Synth 8-6155] done synthesizing module 'Exception' (10#1) [D:/DaiHoc/HK222/KTMT/BTL/SYSTEM/CA_Assignment/sources_1/new/Exception.v:23]
INFO: [Synth 8-6155] done synthesizing module 'system' (11#1) [D:/DaiHoc/HK222/KTMT/BTL/SYSTEM/CA_Assignment/sources_1/new/system.v:23]
WARNING: [Synth 8-3331] design DMEM has unconnected port DMEM_address[31]
WARNING: [Synth 8-3331] design DMEM has unconnected port DMEM_address[30]
WARNING: [Synth 8-3331] design DMEM has unconnected port DMEM_address[29]
WARNING: [Synth 8-3331] design DMEM has unconnected port DMEM_address[28]
WARNING: [Synth 8-3331] design DMEM has unconnected port DMEM_address[27]
WARNING: [Synth 8-3331] design DMEM has unconnected port DMEM_address[26]
WARNING: [Synth 8-3331] design DMEM has unconnected port DMEM_address[25]
WARNING: [Synth 8-3331] design DMEM has unconnected port DMEM_address[24]
WARNING: [Synth 8-3331] design DMEM has unconnected port DMEM_address[23]
WARNING: [Synth 8-3331] design DMEM has unconnected port DMEM_address[22]
WARNING: [Synth 8-3331] design DMEM has unconnected port DMEM_address[21]
WARNING: [Synth 8-3331] design DMEM has unconnected port DMEM_address[20]
WARNING: [Synth 8-3331] design DMEM has unconnected port DMEM_address[19]
WARNING: [Synth 8-3331] design DMEM has unconnected port DMEM_address[18]
WARNING: [Synth 8-3331] design DMEM has unconnected port DMEM_address[17]
WARNING: [Synth 8-3331] design DMEM has unconnected port DMEM_address[16]
WARNING: [Synth 8-3331] design DMEM has unconnected port DMEM_address[15]
WARNING: [Synth 8-3331] design DMEM has unconnected port DMEM_address[14]
WARNING: [Synth 8-3331] design DMEM has unconnected port DMEM_address[13]
WARNING: [Synth 8-3331] design DMEM has unconnected port DMEM_address[12]
WARNING: [Synth 8-3331] design DMEM has unconnected port DMEM_address[11]
WARNING: [Synth 8-3331] design DMEM has unconnected port DMEM_address[10]
WARNING: [Synth 8-3331] design DMEM has unconnected port DMEM_address[9]
WARNING: [Synth 8-3331] design DMEM has unconnected port DMEM_address[8]
WARNING: [Synth 8-3331] design REG has unconnected port REG_address1[5]
WARNING: [Synth 8-3331] design REG has unconnected port REG_address2[5]
---------------------------------------------------------------------------------
Finished RTL Elaboration : Time (s): cpu = 00:00:24 ; elapsed = 00:00:23 . Memory (MB): peak = 2395.828 ; gain = 0.000
---------------------------------------------------------------------------------

Report Check Netlist: 
+------+------------------+-------+---------+-------+------------------+
|      |Item              |Errors |Warnings |Status |Description       |
+------+------------------+-------+---------+-------+------------------+
|1     |multi_driven_nets |      0|        0|Passed |Multi driven nets |
+------+------------------+-------+---------+-------+------------------+
---------------------------------------------------------------------------------
Start Handling Custom Attributes
---------------------------------------------------------------------------------
---------------------------------------------------------------------------------
Finished Handling Custom Attributes : Time (s): cpu = 00:00:27 ; elapsed = 00:00:27 . Memory (MB): peak = 2395.828 ; gain = 0.000
---------------------------------------------------------------------------------
---------------------------------------------------------------------------------
Finished RTL Optimization Phase 1 : Time (s): cpu = 00:00:27 ; elapsed = 00:00:27 . Memory (MB): peak = 2395.828 ; gain = 0.000
---------------------------------------------------------------------------------
INFO: [Project 1-570] Preparing netlist for logic optimization

Processing XDC Constraints
Initializing timing engine
Completed Processing XDC Constraints

INFO: [Opt 31-138] Pushed 0 inverter(s) to 0 load pin(s).
INFO: [Project 1-111] Unisim Transformation Summary:
No Unisim elements were transformed.

RTL Elaboration Complete:  : Time (s): cpu = 00:01:15 ; elapsed = 00:01:08 . Memory (MB): peak = 2395.828 ; gain = 0.000
26 Infos, 132 Warnings, 1 Critical Warnings and 0 Errors encountered.
synth_design completed successfully
synth_design: Time (s): cpu = 00:01:15 ; elapsed = 00:01:08 . Memory (MB): peak = 2395.828 ; gain = 0.000
close_design
set_property IS_GLOBAL_INCLUDE 1 [get_files D:/a.txt]
set_property USED_IN {} [get_files D:/a.txt]
set_property IS_GLOBAL_INCLUDE 0 [get_files D:/a.txt]
exit
INFO: [Common 17-206] Exiting Vivado at Sat Mar 25 20:13:30 2023...
