#-----------------------------------------------------------
# Vivado v2018.2 (64-bit)
# SW Build 2258646 on Thu Jun 14 20:03:12 MDT 2018
# IP Build 2256618 on Thu Jun 14 22:10:49 MDT 2018
# Start of session at: Mon Mar 27 17:42:58 2023
# Process ID: 11636
# Current directory: C:/Users/HP/Desktop/CA_BTL/project_t/CA_Assignment/SYSTEM/system
# Command line: vivado.exe -gui_launcher_event rodinguilauncherevent9240 C:\Users\HP\Desktop\CA_BTL\project_t\CA_Assignment\SYSTEM\system\system.xpr
# Log file: C:/Users/HP/Desktop/CA_BTL/project_t/CA_Assignment/SYSTEM/system/vivado.log
# Journal file: C:/Users/HP/Desktop/CA_BTL/project_t/CA_Assignment/SYSTEM/system\vivado.jou
#-----------------------------------------------------------
start_gui
open_project C:/Users/HP/Desktop/CA_BTL/project_t/CA_Assignment/SYSTEM/system/system.xpr
Scanning sources...
Finished scanning sources
INFO: [IP_Flow 19-234] Refreshing IP repositories
INFO: [IP_Flow 19-1704] No user IP repositories specified
INFO: [IP_Flow 19-2313] Loaded Vivado IP repository 'C:/Xilinx/Vivado/2018.2/data/ip'.
update_compile_order -fileset sources_1
exit
INFO: [Common 17-206] Exiting Vivado at Mon Mar 27 17:51:38 2023...
