#-----------------------------------------------------------
# Vivado v2018.2 (64-bit)
# SW Build 2258646 on Thu Jun 14 20:03:12 MDT 2018
# IP Build 2256618 on Thu Jun 14 22:10:49 MDT 2018
# Start of session at: Sun Mar 26 20:43:44 2023
# Process ID: 32
# Current directory: D:/DaiHoc/HK222/KTMT/BTL/SYSTEM/system
# Command line: vivado.exe -gui_launcher_event rodinguilauncherevent13620 D:\DaiHoc\HK222\KTMT\BTL\SYSTEM\system\system.xpr
# Log file: D:/DaiHoc/HK222/KTMT/BTL/SYSTEM/system/vivado.log
# Journal file: D:/DaiHoc/HK222/KTMT/BTL/SYSTEM/system\vivado.jou
#-----------------------------------------------------------
start_gui
open_project D:/DaiHoc/HK222/KTMT/BTL/SYSTEM/system/system.xpr
Scanning sources...
Finished scanning sources
INFO: [IP_Flow 19-234] Refreshing IP repositories
INFO: [IP_Flow 19-1704] No user IP repositories specified
INFO: [IP_Flow 19-2313] Loaded Vivado IP repository 'D:/DaiHoc/HK222/KTMT/Vivado/2018.2/data/ip'.
update_compile_order -fileset sources_1
exit
INFO: [Common 17-206] Exiting Vivado at Sun Mar 26 20:44:19 2023...
